This is pdfTeX, Version 3.141592653-2.6-1.40.25 (TeX Live 2023/Arch Linux) (preloaded format=pdflatex 2023.4.5)  25 APR 2023 18:19
entering extended mode
 \write18 enabled.
 %&-line parsing enabled.
**besys2.tex
(./besys2.tex
LaTeX2e <2022-11-01> patch level 1
L3 programming layer <2023-02-22>
(/usr/share/texmf-dist/tex/latex/koma-script/scrartcl.cls
Document Class: scrartcl 2022/10/12 v3.38 KOMA-Script document class (article)
(/usr/share/texmf-dist/tex/latex/koma-script/scrkbase.sty
Package: scrkbase 2022/10/12 v3.38 KOMA-Script package (KOMA-Script-dependent b
asics and keyval usage)

(/usr/share/texmf-dist/tex/latex/koma-script/scrbase.sty
Package: scrbase 2022/10/12 v3.38 KOMA-Script package (KOMA-Script-independent 
basics and keyval usage)

(/usr/share/texmf-dist/tex/latex/koma-script/scrlfile.sty
Package: scrlfile 2022/10/12 v3.38 KOMA-Script package (file load hooks)

(/usr/share/texmf-dist/tex/latex/koma-script/scrlfile-hook.sty
Package: scrlfile-hook 2022/10/12 v3.38 KOMA-Script package (using LaTeX hooks)


(/usr/share/texmf-dist/tex/latex/koma-script/scrlogo.sty
Package: scrlogo 2022/10/12 v3.38 KOMA-Script package (logo)
)))
(/usr/share/texmf-dist/tex/latex/graphics/keyval.sty
Package: keyval 2022/05/29 v1.15 key=value parser (DPC)
\KV@toks@=\toks16
)
Applying: [2021/05/01] Usage of raw or classic option list on input line 252.
Already applied: [0000/00/00] Usage of raw or classic option list on input line
 368.
))
(/usr/share/texmf-dist/tex/latex/koma-script/tocbasic.sty
Package: tocbasic 2022/10/12 v3.38 KOMA-Script package (handling toc-files)
\scr@dte@tocline@numberwidth=\skip48
\scr@dte@tocline@numbox=\box51
)
Package tocbasic Info: omitting babel extension for `toc'
(tocbasic)             because of feature `nobabel' available
(tocbasic)             for `toc' on input line 135.
Class scrartcl Info: File `size8.clo' used to setup font sizes on input line 23
67.

(/usr/share/texmf-dist/tex/latex/extsizes/size8.clo
File: size8.clo 1999/11/11 v1.4a NON-Standard LaTeX file (size option)
)
(/usr/share/texmf-dist/tex/latex/koma-script/typearea.sty
Package: typearea 2022/10/12 v3.38 KOMA-Script package (type area)
\ta@bcor=\skip49
\ta@div=\count185
\ta@hblk=\skip50
\ta@vblk=\skip51
\ta@temp=\skip52
\footheight=\skip53

DIV calculation for typearea with good linewidth.

Package typearea Warning: Very low DIV value!
(typearea)                DIV values less than 6 result in textwidth/-height
(typearea)                smaller than total marginwidth/-height.
(typearea)                You should e.g. increase DIV, increase fontsize or
(typearea)                change papersize.

Package typearea Info: These are the values describing the layout:
(typearea)             DIV  = 5
(typearea)             BCOR = 0.0pt
(typearea)             \paperwidth      = 597.50793pt
(typearea)              \textwidth      = 239.00317pt
(typearea)              DIV departure   = 14%
(typearea)              \evensidemargin = 106.98239pt
(typearea)              \oddsidemargin  = 106.98239pt
(typearea)             \paperheight     = 845.04694pt
(typearea)              \textheight     = 340.5pt
(typearea)              \topmargin      = 70.6144pt
(typearea)              \headheight     = 11.875pt
(typearea)              \headsep        = 14.25pt
(typearea)              \topskip        = 8.0pt
(typearea)              \footskip       = 33.25pt
(typearea)              \baselineskip   = 9.5pt
(typearea)              on input line 1767.
)
\c@part=\count186
\c@section=\count187
\c@subsection=\count188
\c@subsubsection=\count189
\c@paragraph=\count190
\c@subparagraph=\count191
\scr@dte@section@maxnumwidth=\skip54
Class scrartcl Info: using compatibility default `runin=bysign'
(scrartcl)           for `\section on input line 4994.
Class scrartcl Info: using compatibility default `afterindent=bysign'
(scrartcl)           for `\section on input line 4994.
\scr@dte@part@maxnumwidth=\skip55
Class scrartcl Info: using compatibility default `afterindent=false'
(scrartcl)           for `\part on input line 5002.
\scr@dte@subsection@maxnumwidth=\skip56
Class scrartcl Info: using compatibility default `runin=bysign'
(scrartcl)           for `\subsection on input line 5012.
Class scrartcl Info: using compatibility default `afterindent=bysign'
(scrartcl)           for `\subsection on input line 5012.
\scr@dte@subsubsection@maxnumwidth=\skip57
Class scrartcl Info: using compatibility default `runin=bysign'
(scrartcl)           for `\subsubsection on input line 5022.
Class scrartcl Info: using compatibility default `afterindent=bysign'
(scrartcl)           for `\subsubsection on input line 5022.
\scr@dte@paragraph@maxnumwidth=\skip58
Class scrartcl Info: using compatibility default `runin=bysign'
(scrartcl)           for `\paragraph on input line 5033.
Class scrartcl Info: using compatibility default `afterindent=bysign'
(scrartcl)           for `\paragraph on input line 5033.
\scr@dte@subparagraph@maxnumwidth=\skip59
Class scrartcl Info: using compatibility default `runin=bysign'
(scrartcl)           for `\subparagraph on input line 5043.
Class scrartcl Info: using compatibility default `afterindent=bysign'
(scrartcl)           for `\subparagraph on input line 5043.
\abovecaptionskip=\skip60
\belowcaptionskip=\skip61
\c@pti@nb@sid@b@x=\box52
Package tocbasic Info: omitting babel extension for `lof'
(tocbasic)             because of feature `nobabel' available
(tocbasic)             for `lof' on input line 6211.
\scr@dte@figure@maxnumwidth=\skip62
\c@figure=\count192
Package tocbasic Info: omitting babel extension for `lot'
(tocbasic)             because of feature `nobabel' available
(tocbasic)             for `lot' on input line 6227.
\scr@dte@table@maxnumwidth=\skip63
\c@table=\count193
Class scrartcl Info: Redefining `\numberline' on input line 6397.
\bibindent=\dimen140
) (../ost-summary-template.tex
(/usr/share/texmf-dist/tex/latex/base/fontenc.sty
Package: fontenc 2021/04/29 v2.0v Standard LaTeX package
)
(/usr/share/texmf-dist/tex/latex/base/inputenc.sty
Package: inputenc 2021/02/14 v1.3d Input encoding file
\inpenc@prehook=\toks17
\inpenc@posthook=\toks18
)
(/usr/share/texmf-dist/tex/latex/xcolor/xcolor.sty
Package: xcolor 2022/06/12 v2.14 LaTeX color extensions (UK)

(/usr/share/texmf-dist/tex/latex/graphics-cfg/color.cfg
File: color.cfg 2016/01/02 v1.6 sample color configuration
)
Package xcolor Info: Driver file: pdftex.def on input line 227.

(/usr/share/texmf-dist/tex/latex/graphics-def/pdftex.def
File: pdftex.def 2022/09/22 v1.2b Graphics/color driver for pdftex
)
(/usr/share/texmf-dist/tex/latex/graphics/mathcolor.ltx)
Package xcolor Info: Model `cmy' substituted by `cmy0' on input line 1353.
Package xcolor Info: Model `hsb' substituted by `rgb' on input line 1357.
Package xcolor Info: Model `RGB' extended on input line 1369.
Package xcolor Info: Model `HTML' substituted by `rgb' on input line 1371.
Package xcolor Info: Model `Hsb' substituted by `hsb' on input line 1372.
Package xcolor Info: Model `tHsb' substituted by `hsb' on input line 1373.
Package xcolor Info: Model `HSB' substituted by `hsb' on input line 1374.
Package xcolor Info: Model `Gray' substituted by `gray' on input line 1375.
Package xcolor Info: Model `wave' substituted by `hsb' on input line 1376.

(/usr/share/texmf-dist/tex/latex/graphics/dvipsnam.def
File: dvipsnam.def 2016/06/17 v3.0m Driver-dependent file (DPC,SPQR)
))
(/usr/share/texmf-dist/tex/generic/babel/babel.sty
Package: babel 2023/02/13 3.86 The Babel package
\babel@savecnt=\count194
\U@D=\dimen141
\l@unhyphenated=\language87

(/usr/share/texmf-dist/tex/generic/babel/txtbabel.def)
\bbl@readstream=\read2
\bbl@dirlevel=\count195

(/usr/share/texmf-dist/tex/generic/babel-english/english.ldf
Language: english 2017/06/06 v3.3r English support from the babel system
Package babel Info: Hyphen rules for 'canadian' set to \l@english
(babel)             (\language0). Reported on input line 102.
Package babel Info: Hyphen rules for 'australian' set to \l@ukenglish
(babel)             (\language21). Reported on input line 105.
Package babel Info: Hyphen rules for 'newzealand' set to \l@ukenglish
(babel)             (\language21). Reported on input line 108.
))
(/usr/share/texmf-dist/tex/generic/babel/locale/en/babel-english.tex
Package babel Info: Importing font and identification data for english
(babel)             from babel-en.ini. Reported on input line 11.
)
(/usr/share/texmf-dist/tex/latex/hyperref/hyperref.sty
Package: hyperref 2023-02-07 v7.00v Hypertext links for LaTeX

(/usr/share/texmf-dist/tex/generic/ltxcmds/ltxcmds.sty
Package: ltxcmds 2020-05-10 v1.25 LaTeX kernel commands for general use (HO)
)
(/usr/share/texmf-dist/tex/generic/iftex/iftex.sty
Package: iftex 2022/02/03 v1.0f TeX engine tests
)
(/usr/share/texmf-dist/tex/generic/pdftexcmds/pdftexcmds.sty
Package: pdftexcmds 2020-06-27 v0.33 Utility functions of pdfTeX for LuaTeX (HO
)

(/usr/share/texmf-dist/tex/generic/infwarerr/infwarerr.sty
Package: infwarerr 2019/12/03 v1.5 Providing info/warning/error messages (HO)
)
Package pdftexcmds Info: \pdf@primitive is available.
Package pdftexcmds Info: \pdf@ifprimitive is available.
Package pdftexcmds Info: \pdfdraftmode found.
)
(/usr/share/texmf-dist/tex/latex/kvsetkeys/kvsetkeys.sty
Package: kvsetkeys 2022-10-05 v1.19 Key value parser (HO)
)
(/usr/share/texmf-dist/tex/generic/kvdefinekeys/kvdefinekeys.sty
Package: kvdefinekeys 2019-12-19 v1.6 Define keys (HO)
)
(/usr/share/texmf-dist/tex/generic/pdfescape/pdfescape.sty
Package: pdfescape 2019/12/09 v1.15 Implements pdfTeX's escape features (HO)
)
(/usr/share/texmf-dist/tex/latex/hycolor/hycolor.sty
Package: hycolor 2020-01-27 v1.10 Color options for hyperref/bookmark (HO)
)
(/usr/share/texmf-dist/tex/latex/letltxmacro/letltxmacro.sty
Package: letltxmacro 2019/12/03 v1.6 Let assignment for LaTeX macros (HO)
)
(/usr/share/texmf-dist/tex/latex/auxhook/auxhook.sty
Package: auxhook 2019-12-17 v1.6 Hooks for auxiliary files (HO)
)
(/usr/share/texmf-dist/tex/latex/hyperref/nameref.sty
Package: nameref 2022-05-17 v2.50 Cross-referencing by name of section

(/usr/share/texmf-dist/tex/latex/refcount/refcount.sty
Package: refcount 2019/12/15 v3.6 Data extraction from label references (HO)
)
(/usr/share/texmf-dist/tex/generic/gettitlestring/gettitlestring.sty
Package: gettitlestring 2019/12/15 v1.6 Cleanup title references (HO)

(/usr/share/texmf-dist/tex/latex/kvoptions/kvoptions.sty
Package: kvoptions 2022-06-15 v3.15 Key value format for package options (HO)
))
\c@section@level=\count196
)
\@linkdim=\dimen142
\Hy@linkcounter=\count197
\Hy@pagecounter=\count198

(/usr/share/texmf-dist/tex/latex/hyperref/pd1enc.def
File: pd1enc.def 2023-02-07 v7.00v Hyperref: PDFDocEncoding definition (HO)
Now handling font encoding PD1 ...
... no UTF-8 mapping file for font encoding PD1
)
(/usr/share/texmf-dist/tex/generic/intcalc/intcalc.sty
Package: intcalc 2019/12/15 v1.3 Expandable calculations with integers (HO)
)
(/usr/share/texmf-dist/tex/generic/etexcmds/etexcmds.sty
Package: etexcmds 2019/12/15 v1.7 Avoid name clashes with e-TeX commands (HO)
)
\Hy@SavedSpaceFactor=\count199

(/usr/share/texmf-dist/tex/latex/hyperref/puenc.def
File: puenc.def 2023-02-07 v7.00v Hyperref: PDF Unicode definition (HO)
Now handling font encoding PU ...
... no UTF-8 mapping file for font encoding PU
)
Package hyperref Info: Hyper figures OFF on input line 4177.
Package hyperref Info: Link nesting OFF on input line 4182.
Package hyperref Info: Hyper index ON on input line 4185.
Package hyperref Info: Plain pages OFF on input line 4192.
Package hyperref Info: Backreferencing OFF on input line 4197.
Package hyperref Info: Implicit mode ON; LaTeX internals redefined.
Package hyperref Info: Bookmarks ON on input line 4425.
\c@Hy@tempcnt=\count266

(/usr/share/texmf-dist/tex/latex/url/url.sty
\Urlmuskip=\muskip16
Package: url 2013/09/16  ver 3.4  Verb mode for urls, etc.
)
LaTeX Info: Redefining \url on input line 4763.
\XeTeXLinkMargin=\dimen143

(/usr/share/texmf-dist/tex/generic/bitset/bitset.sty
Package: bitset 2019/12/09 v1.3 Handle bit-vector datatype (HO)

(/usr/share/texmf-dist/tex/generic/bigintcalc/bigintcalc.sty
Package: bigintcalc 2019/12/15 v1.5 Expandable calculations on big integers (HO
)
))
\Fld@menulength=\count267
\Field@Width=\dimen144
\Fld@charsize=\dimen145
Package hyperref Info: Hyper figures OFF on input line 6042.
Package hyperref Info: Link nesting OFF on input line 6047.
Package hyperref Info: Hyper index ON on input line 6050.
Package hyperref Info: backreferencing OFF on input line 6057.
Package hyperref Info: Link coloring OFF on input line 6062.
Package hyperref Info: Link coloring with OCG OFF on input line 6067.
Package hyperref Info: PDF/A mode OFF on input line 6072.

(/usr/share/texmf-dist/tex/latex/base/atbegshi-ltx.sty
Package: atbegshi-ltx 2021/01/10 v1.0c Emulation of the original atbegshi
package with kernel methods
)
\Hy@abspage=\count268
\c@Item=\count269
\c@Hfootnote=\count270
)
Package hyperref Info: Driver (autodetected): hpdftex.

(/usr/share/texmf-dist/tex/latex/hyperref/hpdftex.def
File: hpdftex.def 2023-02-07 v7.00v Hyperref driver for pdfTeX

(/usr/share/texmf-dist/tex/latex/base/atveryend-ltx.sty
Package: atveryend-ltx 2020/08/19 v1.0a Emulation of the original atveryend pac
kage
with kernel methods
)
\Fld@listcount=\count271
\c@bookmark@seq@number=\count272

(/usr/share/texmf-dist/tex/latex/rerunfilecheck/rerunfilecheck.sty
Package: rerunfilecheck 2022-07-10 v1.10 Rerun checks for auxiliary files (HO)

(/usr/share/texmf-dist/tex/generic/uniquecounter/uniquecounter.sty
Package: uniquecounter 2019/12/15 v1.4 Provide unlimited unique counter (HO)
)
Package uniquecounter Info: New unique counter `rerunfilecheck' on input line 2
85.
)
\Hy@SectionHShift=\skip64
)
(/usr/share/texmf-dist/tex/latex/sectsty/sectsty.sty
Package: sectsty 2002/02/25 v2.0.2 Commands to change all sectional heading sty
les


LaTeX Warning: Command \underbar  has changed.
               Check if current package is valid.


LaTeX Warning: Command \underline  has changed.
               Check if current package is valid.

)

Class scrartcl Warning: Incompatible package `sectsty' loaded!
(scrartcl)              Package `sectsty' up to version 2.0.2 is incompatible
(scrartcl)              with KOMA-Script from version 2.8e released in 2001.
(scrartcl)              You should avoid that package and configure the
(scrartcl)              section titles of your document using the KOMA-Script
(scrartcl)              user interface, e.g., \chapterlinesformat,
(scrartcl)              \RedeclareSectionCommand etc. or you should ask
(scrartcl)              the `sectsty' maintainer for a more compatible release.

(scrartcl)              Ignoring this warning could result in several error
(scrartcl)              messages and formatting issues after loading package
(scrartcl)              `sectsty' on input line 8.

(/usr/share/texmf-dist/tex/latex/geometry/geometry.sty
Package: geometry 2020/01/02 v5.9 Page Geometry

(/usr/share/texmf-dist/tex/generic/iftex/ifvtex.sty
Package: ifvtex 2019/10/25 v1.7 ifvtex legacy package. Use iftex instead.
)
\Gm@cnth=\count273
\Gm@cntv=\count274
\c@Gm@tempcnt=\count275
\Gm@bindingoffset=\dimen146
\Gm@wd@mp=\dimen147
\Gm@odd@mp=\dimen148
\Gm@even@mp=\dimen149
\Gm@layoutwidth=\dimen150
\Gm@layoutheight=\dimen151
\Gm@layouthoffset=\dimen152
\Gm@layoutvoffset=\dimen153
\Gm@dimlist=\toks19
)
(/usr/share/texmf-dist/tex/latex/koma-script/scrlayer-scrpage.sty
Package: scrlayer-scrpage 2022/10/12 v3.38 KOMA-Script package (end user interf
ace for scrlayer)

(/usr/share/texmf-dist/tex/latex/koma-script/scrlayer.sty
Package: scrlayer 2022/10/12 v3.38 KOMA-Script package (defining layers and pag
e styles)
Package scrlayer Info: patching LaTeX kernel macro \pagestyle on input line 217
6.
)
Package scrlayer-scrpage Info: Makeing stand-alone element `pagehead' from
(scrlayer-scrpage)             alias to `pageheadfoot' on input line 1089.
)
(/usr/share/texmf-dist/tex/latex/amsmath/amsmath.sty
Package: amsmath 2022/04/08 v2.17n AMS math features
\@mathmargin=\skip65

For additional information on amsmath, use the `?' option.
(/usr/share/texmf-dist/tex/latex/amsmath/amstext.sty
Package: amstext 2021/08/26 v2.01 AMS text

(/usr/share/texmf-dist/tex/latex/amsmath/amsgen.sty
File: amsgen.sty 1999/11/30 v2.0 generic functions
\@emptytoks=\toks20
\ex@=\dimen154
))
(/usr/share/texmf-dist/tex/latex/amsmath/amsbsy.sty
Package: amsbsy 1999/11/29 v1.2d Bold Symbols
\pmbraise@=\dimen155
)
(/usr/share/texmf-dist/tex/latex/amsmath/amsopn.sty
Package: amsopn 2022/04/08 v2.04 operator names
)
\inf@bad=\count276
LaTeX Info: Redefining \frac on input line 234.
\uproot@=\count277
\leftroot@=\count278
LaTeX Info: Redefining \overline on input line 399.
LaTeX Info: Redefining \colon on input line 410.
\classnum@=\count279
\DOTSCASE@=\count280
LaTeX Info: Redefining \ldots on input line 496.
LaTeX Info: Redefining \dots on input line 499.
LaTeX Info: Redefining \cdots on input line 620.
\Mathstrutbox@=\box53
\strutbox@=\box54
LaTeX Info: Redefining \big on input line 722.
LaTeX Info: Redefining \Big on input line 723.
LaTeX Info: Redefining \bigg on input line 724.
LaTeX Info: Redefining \Bigg on input line 725.
\big@size=\dimen156
LaTeX Font Info:    Redeclaring font encoding OML on input line 743.
LaTeX Font Info:    Redeclaring font encoding OMS on input line 744.
\macc@depth=\count281
LaTeX Info: Redefining \bmod on input line 905.
LaTeX Info: Redefining \pmod on input line 910.
LaTeX Info: Redefining \smash on input line 940.
LaTeX Info: Redefining \relbar on input line 970.
LaTeX Info: Redefining \Relbar on input line 971.
\c@MaxMatrixCols=\count282
\dotsspace@=\muskip17
\c@parentequation=\count283
\dspbrk@lvl=\count284
\tag@help=\toks21
\row@=\count285
\column@=\count286
\maxfields@=\count287
\andhelp@=\toks22
\eqnshift@=\dimen157
\alignsep@=\dimen158
\tagshift@=\dimen159
\tagwidth@=\dimen160
\totwidth@=\dimen161
\lineht@=\dimen162
\@envbody=\toks23
\multlinegap=\skip66
\multlinetaggap=\skip67
\mathdisplay@stack=\toks24
LaTeX Info: Redefining \[ on input line 2953.
LaTeX Info: Redefining \] on input line 2954.
)
(/usr/share/texmf-dist/tex/latex/amsfonts/amssymb.sty
Package: amssymb 2013/01/14 v3.01 AMS font symbols

(/usr/share/texmf-dist/tex/latex/amsfonts/amsfonts.sty
Package: amsfonts 2013/01/14 v3.01 Basic AMSFonts support
\symAMSa=\mathgroup4
\symAMSb=\mathgroup5
LaTeX Font Info:    Redeclaring math symbol \hbar on input line 98.
LaTeX Font Info:    Overwriting math alphabet `\mathfrak' in version `bold'
(Font)                  U/euf/m/n --> U/euf/b/n on input line 106.
))
(/usr/share/texmf-dist/tex/latex/fancyvrb/fancyvrb.sty
Package: fancyvrb 2023/01/19 4.5a verbatim text (tvz,hv)
\FV@CodeLineNo=\count288
\FV@InFile=\read3
\FV@TabBox=\box55
\c@FancyVerbLine=\count289
\FV@StepNumber=\count290
\FV@OutFile=\write3
)
(/usr/share/texmf-dist/tex/latex/etoolbox/etoolbox.sty
Package: etoolbox 2020/10/05 v2.5k e-TeX tools for LaTeX (JAW)
\etb@tempcnta=\count291
)
(/usr/share/texmf-dist/tex/latex/listings/listings.sty
\lst@mode=\count292
\lst@gtempboxa=\box56
\lst@token=\toks25
\lst@length=\count293
\lst@currlwidth=\dimen163
\lst@column=\count294
\lst@pos=\count295
\lst@lostspace=\dimen164
\lst@width=\dimen165
\lst@newlines=\count296
\lst@lineno=\count297
\lst@maxwidth=\dimen166

(/usr/share/texmf-dist/tex/latex/listings/lstmisc.sty
File: lstmisc.sty 2023/02/27 1.9 (Carsten Heinz)
\c@lstnumber=\count298
\lst@skipnumbers=\count299
\lst@framebox=\box57
)
(/usr/share/texmf-dist/tex/latex/listings/listings.cfg
File: listings.cfg 2023/02/27 1.9 listings configuration
))
Package: listings 2023/02/27 1.9 (Carsten Heinz)

(/usr/share/texmf-dist/tex/latex/graphics/graphicx.sty
Package: graphicx 2021/09/16 v1.2d Enhanced LaTeX Graphics (DPC,SPQR)

(/usr/share/texmf-dist/tex/latex/graphics/graphics.sty
Package: graphics 2022/03/10 v1.4e Standard LaTeX Graphics (DPC,SPQR)

(/usr/share/texmf-dist/tex/latex/graphics/trig.sty
Package: trig 2021/08/11 v1.11 sin cos tan (DPC)
)
(/usr/share/texmf-dist/tex/latex/graphics-cfg/graphics.cfg
File: graphics.cfg 2016/06/04 v1.11 sample graphics configuration
)
Package graphics Info: Driver file: pdftex.def on input line 107.
)
\Gin@req@height=\dimen167
\Gin@req@width=\dimen168
)
(/usr/share/texmf-dist/tex/latex/enumitem/enumitem.sty
Package: enumitem 2019/06/20 v3.9 Customized lists
\labelindent=\skip68
\enit@outerparindent=\dimen169
\enit@toks=\toks26
\enit@inbox=\box58
\enit@count@id=\count300
\enitdp@description=\count301
)

Class scrartcl Warning: Usage of package `titlesec' together
(scrartcl)              with a KOMA-Script class is not recommended.
(scrartcl)              I'd suggest to use KOMA-Script features
(scrartcl)              like \setkomafont, \RedeclareSectionCommand, \sectionli
nesformat
(scrartcl)              and several others to re-configure section
(scrartcl)              headings.
(scrartcl)              Nevertheless, using requested
(scrartcl)              package `titlesec' on input line 86.

(/usr/share/texmf-dist/tex/latex/titlesec/titlesec.sty
Package: titlesec 2021/07/05 v2.14 Sectioning titles
\ttl@box=\box59
\beforetitleunit=\skip69
\aftertitleunit=\skip70
\ttl@plus=\dimen170
\ttl@minus=\dimen171
\ttl@toksa=\toks27
\titlewidth=\dimen172
\titlewidthlast=\dimen173
\titlewidthfirst=\dimen174
)
(/usr/share/texmf-dist/tex/latex/ragged2e/ragged2e.sty
Package: ragged2e 2023/02/25 v3.4 ragged2e Package


LaTeX Warning: Command \@arrayparboxrestore  has changed.
               Check if current package is valid.

(/usr/share/texmf-dist/tex/latex/footmisc/footmisc.sty
Package: footmisc 2022/03/08 v6.0d a miscellany of footnote facilities
\FN@temptoken=\toks28
\footnotemargin=\dimen175
\@outputbox@depth=\dimen176
Package footmisc Info: Declaring symbol style bringhurst on input line 695.
Package footmisc Info: Declaring symbol style chicago on input line 703.
Package footmisc Info: Declaring symbol style wiley on input line 712.
Package footmisc Info: Declaring symbol style lamport-robust on input line 723.

Package footmisc Info: Declaring symbol style lamport* on input line 743.
Package footmisc Info: Declaring symbol style lamport*-robust on input line 764
.
)
\CenteringLeftskip=\skip71
\RaggedLeftLeftskip=\skip72
\RaggedRightLeftskip=\skip73
\CenteringRightskip=\skip74
\RaggedLeftRightskip=\skip75
\RaggedRightRightskip=\skip76
\CenteringParfillskip=\skip77
\RaggedLeftParfillskip=\skip78
\RaggedRightParfillskip=\skip79
\JustifyingParfillskip=\skip80
\CenteringParindent=\skip81
\RaggedLeftParindent=\skip82
\RaggedRightParindent=\skip83
\JustifyingParindent=\skip84
)
(/usr/share/texmf-dist/tex/latex/tools/array.sty
Package: array 2022/09/04 v2.5g Tabular extension package (FMi)
\col@sep=\dimen177
\ar@mcellbox=\box60
\extrarowheight=\dimen178
\NC@list=\toks29
\extratabsurround=\skip85
\backup@length=\skip86
\ar@cellbox=\box61
)
(/usr/share/texmf-dist/tex/latex/makecell/makecell.sty
Package: makecell 2009/08/03 V0.1e Managing of Tab Column Heads and Cells
\rotheadsize=\dimen179
\c@nlinenum=\count302
\TeXr@lab=\toks30
))
LaTeX Font Info:    Trying to load font information for T1+cmss on input line 4
.

(/usr/share/texmf-dist/tex/latex/base/t1cmss.fd
File: t1cmss.fd 2022/07/10 v2.5l Standard LaTeX font definitions
)
(/usr/share/texmf-dist/tex/latex/l3backend/l3backend-pdftex.def
File: l3backend-pdftex.def 2023-01-16 L3 backend support: PDF output (pdfTeX)
\l__color_backend_stack_int=\count303
\l__pdf_internal_box=\box62
)

LaTeX Warning: Unused global option(s):
    [main.tex].

(./besys2.aux)
\openout1 = `besys2.aux'.

LaTeX Font Info:    Checking defaults for OML/cmm/m/it on input line 4.
LaTeX Font Info:    ... okay on input line 4.
LaTeX Font Info:    Checking defaults for OMS/cmsy/m/n on input line 4.
LaTeX Font Info:    ... okay on input line 4.
LaTeX Font Info:    Checking defaults for OT1/cmr/m/n on input line 4.
LaTeX Font Info:    ... okay on input line 4.
LaTeX Font Info:    Checking defaults for T1/cmr/m/n on input line 4.
LaTeX Font Info:    ... okay on input line 4.
LaTeX Font Info:    Checking defaults for TS1/cmr/m/n on input line 4.
LaTeX Font Info:    ... okay on input line 4.
LaTeX Font Info:    Checking defaults for OMX/cmex/m/n on input line 4.
LaTeX Font Info:    ... okay on input line 4.
LaTeX Font Info:    Checking defaults for U/cmr/m/n on input line 4.
LaTeX Font Info:    ... okay on input line 4.
LaTeX Font Info:    Checking defaults for PD1/pdf/m/n on input line 4.
LaTeX Font Info:    ... okay on input line 4.
LaTeX Font Info:    Checking defaults for PU/pdf/m/n on input line 4.
LaTeX Font Info:    ... okay on input line 4.
Package scrbase Info: activating english \abstractname on input line 4.
Package scrbase Info: activating english \partname on input line 4.
Package scrbase Info: activating english \figurename on input line 4.
Package scrbase Info: activating english \tablename on input line 4.
Package scrbase Info: activating english \contentsname on input line 4.
Package scrbase Info: activating english \listfigurename on input line 4.
Package scrbase Info: activating english \listtablename on input line 4.
Package scrbase Info: activating english \refname on input line 4.
Package scrbase Info: activating english \indexname on input line 4.
 (/usr/share/texmf-dist/tex/context/base/mkii/supp-pdf.mkii
[Loading MPS to PDF converter (version 2006.09.02).]
\scratchcounter=\count304
\scratchdimen=\dimen180
\scratchbox=\box63
\nofMPsegments=\count305
\nofMParguments=\count306
\everyMPshowfont=\toks31
\MPscratchCnt=\count307
\MPscratchDim=\dimen181
\MPnumerator=\count308
\makeMPintoPDFobject=\count309
\everyMPtoPDFconversion=\toks32
) (/usr/share/texmf-dist/tex/latex/epstopdf-pkg/epstopdf-base.sty
Package: epstopdf-base 2020-01-24 v2.11 Base part for package epstopdf
Package epstopdf-base Info: Redefining graphics rule for `.eps' on input line 4
85.

(/usr/share/texmf-dist/tex/latex/latexconfig/epstopdf-sys.cfg
File: epstopdf-sys.cfg 2010/07/13 v1.3 Configuration of (r)epstopdf for TeX Liv
e
))
Package hyperref Info: Link coloring OFF on input line 4.
 (./besys2.out)
(./besys2.out)
\@outlinefile=\write4
\openout4 = `besys2.out'.

Class scrartcl Info: loading recommended package `bookmark'.
(scrartcl)           Using `bookmark' together with `hyperref' is recommended,
(scrartcl)           because of handling of possible bookmark level gaps.
(scrartcl)           You can avoid loading `bookmark' with KOMA-Script option
(scrartcl)           `bookmarkpackage=false' before \begin{document} and
(scrartcl)           you can avoid this message adding:
(scrartcl)             \usepackage{bookmark}
(scrartcl)           before \begin{document} on input line 4.
 (/usr/share/texmf-dist/tex/latex/bookmark/bookmark.sty
Package: bookmark 2020-11-06 v1.29 PDF bookmarks (HO)

(/usr/share/texmf-dist/tex/latex/bookmark/bkm-pdftex.def
File: bkm-pdftex.def 2020-11-06 v1.29 bookmark driver for pdfTeX (HO)
\BKM@id=\count310
))
*geometry* driver: auto-detecting
*geometry* detected driver: pdftex
*geometry* verbose mode - [ preamble ] result:
* driver: pdftex
* paper: <default>
* layout: <same size as paper>
* layoutoffset:(h,v)=(0.0pt,0.0pt)
* modes: 
* h-part:(L,W,R)=(14.22636pt, 569.0552pt, 14.22636pt)
* v-part:(T,H,B)=(14.22636pt, 816.59421pt, 14.22636pt)
* \paperwidth=597.50793pt
* \paperheight=845.04694pt
* \textwidth=569.0552pt
* \textheight=816.59421pt
* \oddsidemargin=-58.04362pt
* \evensidemargin=-58.04362pt
* \topmargin=-84.16862pt
* \headheight=28.5pt
* \headsep=5.69054pt
* \topskip=8.0pt
* \footskip=33.25pt
* \marginparwidth=119.50159pt
* \marginparsep=12.8401pt
* \columnsep=10.0pt
* \skip\footins=7.0pt plus 4.0pt minus 2.0pt
* \hoffset=0.0pt
* \voffset=0.0pt
* \mag=1000
* \@twocolumnfalse
* \@twosidefalse
* \@mparswitchfalse
* \@reversemarginfalse
* (1in=72.27pt=25.4mm, 1cm=28.453pt)

\c@lstlisting=\count311
Package ragged2e Info: ABD: executing \RaggedRight on input line 4.
LaTeX Font Info:    Trying to load font information for U+msa on input line 5.
(/usr/share/texmf-dist/tex/latex/amsfonts/umsa.fd
File: umsa.fd 2013/01/14 v3.01 AMS symbols A
)
LaTeX Font Info:    Trying to load font information for U+msb on input line 5.

(/usr/share/texmf-dist/tex/latex/amsfonts/umsb.fd
File: umsb.fd 2013/01/14 v3.01 AMS symbols B
) (./besys2.toc
! Undefined control sequence.
\sls@ps@scrheadings@odd@middle@head ...ies \TITLE 
                                                  , \AUTHOR , \pagename ~\th...
l.84 ...umberline {6.2}Linker}{12}{subsection.6.2}
                                                  %
? 
! Undefined control sequence.
\sls@ps@scrheadings@odd@middle@head ... , \AUTHOR 
                                                  , \pagename ~\thepage }
l.84 ...umberline {6.2}Linker}{12}{subsection.6.2}
                                                  %
? 
[1{/var/lib/texmf/fonts/map/pdftex/updmap/pdftex.map}{/usr/share/texmf-dist/fon
ts/enc/dvips/cm-super/cm-super-t1.enc}

]
! Undefined control sequence.
\sls@ps@scrheadings@odd@middle@head ...ies \TITLE 
                                                  , \AUTHOR , \pagename ~\th...
l.164 ...3}Get Priority}{25}{subsubsection.11.1.3}
                                                  %
? 
! Undefined control sequence.
\sls@ps@scrheadings@odd@middle@head ... , \AUTHOR 
                                                  , \pagename ~\thepage }
l.164 ...3}Get Priority}{25}{subsubsection.11.1.3}
                                                  %
? 
[2])
\tf@toc=\write5
\openout5 = `besys2.toc'.

 (/usr/share/texmf-dist/tex/latex/listings/lstlang1.sty
File: lstlang1.sty 2023/02/27 1.9 listings language file
)
(/usr/share/texmf-dist/tex/latex/listings/lstmisc.sty
File: lstmisc.sty 2023/02/27 1.9 (Carsten Heinz)
)
LaTeX Font Info:    Trying to load font information for TS1+cmss on input line 
20.

(/usr/share/texmf-dist/tex/latex/base/ts1cmss.fd
File: ts1cmss.fd 2022/07/10 v2.5l Standard LaTeX font definitions
)
LaTeX Font Info:    Trying to load font information for T1+cmtt on input line 3
2.

(/usr/share/texmf-dist/tex/latex/base/t1cmtt.fd
File: t1cmtt.fd 2022/07/10 v2.5l Standard LaTeX font definitions
)
LaTeX Font Info:    Font shape `T1/cmtt/bx/n' in size <7> not available
(Font)              Font shape `T1/cmtt/m/n' tried instead on input line 55.
 [3{/usr/share/texmf-dist/fonts/enc/dvips/cm-super/cm-super-ts1.enc}] [4] [5]
<../Screenshots/2023_03_07_05_32_03.png, id=482, 621.32124pt x 99.37125pt>
File: ../Screenshots/2023_03_07_05_32_03.png Graphic file (type png)
<use ../Screenshots/2023_03_07_05_32_03.png>
Package pdftex.def Info: ../Screenshots/2023_03_07_05_32_03.png  used on input 
line 375.
(pdftex.def)             Requested size: 248.5241pt x 39.74779pt.
<../Screenshots/2023_03_07_05_43_05.png, id=483, 471.7625pt x 403.5075pt>
File: ../Screenshots/2023_03_07_05_43_05.png Graphic file (type png)
<use ../Screenshots/2023_03_07_05_43_05.png>
Package pdftex.def Info: ../Screenshots/2023_03_07_05_43_05.png  used on input 
line 380.
(pdftex.def)             Requested size: 188.70164pt x 161.40013pt.
 [6 <../Screenshots/2023_03_07_05_32_03.png (PNG copy)> <../Screenshots/2023_03
_07_05_43_05.png (PNG copy)>]
<../Screenshots/2023_03_07_06_03_34.png, id=496, 486.81876pt x 191.71625pt>
File: ../Screenshots/2023_03_07_06_03_34.png Graphic file (type png)
<use ../Screenshots/2023_03_07_06_03_34.png>
Package pdftex.def Info: ../Screenshots/2023_03_07_06_03_34.png  used on input 
line 415.
(pdftex.def)             Requested size: 194.72404pt x 76.68513pt.
<../Screenshots/2023_03_07_06_18_08.png, id=497, 554.07pt x 466.74374pt>
File: ../Screenshots/2023_03_07_06_18_08.png Graphic file (type png)
<use ../Screenshots/2023_03_07_06_18_08.png>
Package pdftex.def Info: ../Screenshots/2023_03_07_06_18_08.png  used on input 
line 475.
(pdftex.def)             Requested size: 221.62407pt x 186.69418pt.

[7 <../Screenshots/2023_03_07_06_03_34.png (PNG copy)>]
<../Screenshots/2023_03_07_06_22_16.png, id=532, 488.82625pt x 287.0725pt>
File: ../Screenshots/2023_03_07_06_22_16.png Graphic file (type png)
<use ../Screenshots/2023_03_07_06_22_16.png>
Package pdftex.def Info: ../Screenshots/2023_03_07_06_22_16.png  used on input 
line 494.
(pdftex.def)             Requested size: 195.52702pt x 114.82695pt.
 [8 <../Screenshots/2023_03_07_06_18_08.png (PNG copy)> <../Screenshots/2023_03
_07_06_22_16.png (PNG copy)>]
<../Screenshots/2023_03_07_07_10_15.png, id=565, 412.54124pt x 614.295pt>
File: ../Screenshots/2023_03_07_07_10_15.png Graphic file (type png)
<use ../Screenshots/2023_03_07_07_10_15.png>
Package pdftex.def Info: ../Screenshots/2023_03_07_07_10_15.png  used on input 
line 643.
(pdftex.def)             Requested size: 165.01357pt x 245.71364pt.
 [9]
<../Screenshots/2023_03_21_05_18_00.png, id=595, 225.84375pt x 272.01625pt>
File: ../Screenshots/2023_03_21_05_18_00.png Graphic file (type png)
<use ../Screenshots/2023_03_21_05_18_00.png>
Package pdftex.def Info: ../Screenshots/2023_03_21_05_18_00.png  used on input 
line 726.
(pdftex.def)             Requested size: 90.33589pt x 108.80457pt.
 [10 <../Screenshots/2023_03_07_07_10_15.png (PNG copy)>]
<../Screenshots/2023_03_21_05_24_50.png, id=632, 525.965pt x 201.75375pt>
File: ../Screenshots/2023_03_21_05_24_50.png Graphic file (type png)
<use ../Screenshots/2023_03_21_05_24_50.png>
Package pdftex.def Info: ../Screenshots/2023_03_21_05_24_50.png  used on input 
line 754.
(pdftex.def)             Requested size: 210.38226pt x 80.70006pt.
<../Screenshots/2023_03_21_05_31_06.png, id=633, 358.33875pt x 260.975pt>
File: ../Screenshots/2023_03_21_05_31_06.png Graphic file (type png)
<use ../Screenshots/2023_03_21_05_31_06.png>
Package pdftex.def Info: ../Screenshots/2023_03_21_05_31_06.png  used on input 
line 783.
(pdftex.def)             Requested size: 143.33296pt x 104.38815pt.
 [11 <../Screenshots/2023_03_21_05_18_00.png (PNG copy)> <../Screenshots/2023_0
3_21_05_24_50.png (PNG copy)> <../Screenshots/2023_03_21_05_31_06.png (PNG copy
)>]
<../Screenshots/2023_03_21_05_59_40.png, id=651, 878.28125pt x 191.71625pt>
File: ../Screenshots/2023_03_21_05_59_40.png Graphic file (type png)
<use ../Screenshots/2023_03_21_05_59_40.png>
Package pdftex.def Info: ../Screenshots/2023_03_21_05_59_40.png  used on input 
line 851.
(pdftex.def)             Requested size: 351.30627pt x 76.68513pt.
<../Screenshots/2023_03_21_06_15_17.png, id=652, 877.2775pt x 273.02pt>
File: ../Screenshots/2023_03_21_06_15_17.png Graphic file (type png)
<use ../Screenshots/2023_03_21_06_15_17.png>
Package pdftex.def Info: ../Screenshots/2023_03_21_06_15_17.png  used on input 
line 900.
(pdftex.def)             Requested size: 350.90479pt x 109.20605pt.
 [12 <../Screenshots/2023_03_21_05_59_40.png (PNG copy)>]
<../Screenshots/2023_03_21_06_18_24.png, id=706, 895.345pt x 271.0125pt>
File: ../Screenshots/2023_03_21_06_18_24.png Graphic file (type png)
<use ../Screenshots/2023_03_21_06_18_24.png>
Package pdftex.def Info: ../Screenshots/2023_03_21_06_18_24.png  used on input 
line 906.
(pdftex.def)             Requested size: 358.13165pt x 108.40306pt.
<../Screenshots/2023_03_21_06_20_43.png, id=707, 894.34125pt x 331.2375pt>
File: ../Screenshots/2023_03_21_06_20_43.png Graphic file (type png)
<use ../Screenshots/2023_03_21_06_20_43.png>
Package pdftex.def Info: ../Screenshots/2023_03_21_06_20_43.png  used on input 
line 911.
(pdftex.def)             Requested size: 357.73016pt x 132.49265pt.
<../Screenshots/2023_03_28_05_13_22.png, id=708, 676.5275pt x 72.27pt>
File: ../Screenshots/2023_03_28_05_13_22.png Graphic file (type png)
<use ../Screenshots/2023_03_28_05_13_22.png>
Package pdftex.def Info: ../Screenshots/2023_03_28_05_13_22.png  used on input 
line 962.
(pdftex.def)             Requested size: 270.6062pt x 28.90747pt.
 [13 <../Screenshots/2023_03_21_06_15_17.png (PNG copy)> <../Screenshots/2023_0
3_21_06_18_24.png (PNG copy)> <../Screenshots/2023_03_21_06_20_43.png (PNG copy
)>]
<../Screenshots/2023_03_28_05_16_35.png, id=726, 719.68875pt x 279.0425pt>
File: ../Screenshots/2023_03_28_05_16_35.png Graphic file (type png)
<use ../Screenshots/2023_03_28_05_16_35.png>
Package pdftex.def Info: ../Screenshots/2023_03_28_05_16_35.png  used on input 
line 974.
(pdftex.def)             Requested size: 287.87039pt x 111.615pt.
<../Screenshots/2023_03_28_05_20_06.png, id=727, 281.05pt x 501.875pt>
File: ../Screenshots/2023_03_28_05_20_06.png Graphic file (type png)
<use ../Screenshots/2023_03_28_05_20_06.png>
Package pdftex.def Info: ../Screenshots/2023_03_28_05_20_06.png  used on input 
line 1001.
(pdftex.def)             Requested size: 112.418pt x 200.74643pt.
<../Screenshots/2023_03_28_05_20_40.png, id=728, 451.6875pt x 492.84125pt>
File: ../Screenshots/2023_03_28_05_20_40.png Graphic file (type png)
<use ../Screenshots/2023_03_28_05_20_40.png>
Package pdftex.def Info: ../Screenshots/2023_03_28_05_20_40.png  used on input 
line 1014.
(pdftex.def)             Requested size: 180.67178pt x 197.133pt.

Overfull \hbox (38.40799pt too wide) in paragraph at lines 1014--1014
[][]  
 []

[14 <../Screenshots/2023_03_28_05_13_22.png (PNG copy)> <../Screenshots/2023_03
_28_05_16_35.png (PNG copy)> <../Screenshots/2023_03_28_05_20_06.png (PNG copy)
> <../Screenshots/2023_03_28_05_20_40.png (PNG copy)>]
<../Screenshots/2023_03_28_05_31_42.png, id=739, 808.01875pt x 439.6425pt>
File: ../Screenshots/2023_03_28_05_31_42.png Graphic file (type png)
<use ../Screenshots/2023_03_28_05_31_42.png>
Package pdftex.def Info: ../Screenshots/2023_03_28_05_31_42.png  used on input 
line 1041.
(pdftex.def)             Requested size: 323.20177pt x 175.85388pt.
<../Screenshots/2023_03_28_05_47_52.png, id=740, 882.29625pt x 389.455pt>
File: ../Screenshots/2023_03_28_05_47_52.png Graphic file (type png)
<use ../Screenshots/2023_03_28_05_47_52.png>
Package pdftex.def Info: ../Screenshots/2023_03_28_05_47_52.png  used on input 
line 1096.
(pdftex.def)             Requested size: 352.91225pt x 155.77924pt.
 [15 <../Screenshots/2023_03_28_05_31_42.png (PNG copy)>]
<../Screenshots/2023_03_28_06_00_43.png, id=746, 403.5075pt x 206.7725pt>
File: ../Screenshots/2023_03_28_06_00_43.png Graphic file (type png)
<use ../Screenshots/2023_03_28_06_00_43.png>
Package pdftex.def Info: ../Screenshots/2023_03_28_06_00_43.png  used on input 
line 1118.
(pdftex.def)             Requested size: 161.40013pt x 82.70752pt.
<../Screenshots/2023_03_28_06_00_54.png, id=747, 461.725pt x 281.05pt>
File: ../Screenshots/2023_03_28_06_00_54.png Graphic file (type png)
<use ../Screenshots/2023_03_28_06_00_54.png>
Package pdftex.def Info: ../Screenshots/2023_03_28_06_00_54.png  used on input 
line 1119.
(pdftex.def)             Requested size: 184.68672pt x 112.418pt.
<../Screenshots/2023_03_28_06_07_41.png, id=748, 486.81876pt x 297.11pt>
File: ../Screenshots/2023_03_28_06_07_41.png Graphic file (type png)
<use ../Screenshots/2023_03_28_06_07_41.png>
Package pdftex.def Info: ../Screenshots/2023_03_28_06_07_41.png  used on input 
line 1141.
(pdftex.def)             Requested size: 194.72404pt x 118.84189pt.
<../Screenshots/2023_03_28_06_07_57.png, id=749, 731.73375pt x 224.84pt>
File: ../Screenshots/2023_03_28_06_07_57.png Graphic file (type png)
<use ../Screenshots/2023_03_28_06_07_57.png>
Package pdftex.def Info: ../Screenshots/2023_03_28_06_07_57.png  used on input 
line 1142.
(pdftex.def)             Requested size: 292.68831pt x 89.9344pt.
<../Screenshots/2023_03_28_06_10_44.png, id=750, 687.56876pt x 189.70876pt>
File: ../Screenshots/2023_03_28_06_10_44.png Graphic file (type png)
<use ../Screenshots/2023_03_28_06_10_44.png>
Package pdftex.def Info: ../Screenshots/2023_03_28_06_10_44.png  used on input 
line 1146.
(pdftex.def)             Requested size: 275.02263pt x 75.88214pt.

Overfull \hbox (188.41628pt too wide) in paragraph at lines 1145--1147
[][]\T1/cmss/m/n/8 This is es-sen-tially lazy load-ing for li-braries, only the
 li-braries that will be used right then and there are loaded in or-der to save
 mem-ory.[] []  
 []

[16 <../Screenshots/2023_03_28_05_47_52.png (PNG copy)> <../Screenshots/2023_03
_28_06_00_43.png (PNG copy)> <../Screenshots/2023_03_28_06_00_54.png (PNG copy)
> <../Screenshots/2023_03_28_06_07_41.png (PNG copy)> <../Screenshots/2023_03_2
8_06_07_57.png (PNG copy)> <../Screenshots/2023_03_28_06_10_44.png (PNG copy)>]
<../Screenshots/2023_03_28_06_30_29.png, id=755, 736.7525pt x 320.19624pt>
File: ../Screenshots/2023_03_28_06_30_29.png Graphic file (type png)
<use ../Screenshots/2023_03_28_06_30_29.png>
Package pdftex.def Info: ../Screenshots/2023_03_28_06_30_29.png  used on input 
line 1204.
(pdftex.def)             Requested size: 294.69577pt x 128.07622pt.
<../Screenshots/2023_03_28_06_33_28.png, id=756, 476.78125pt x 318.18875pt>
File: ../Screenshots/2023_03_28_06_33_28.png Graphic file (type png)
<use ../Screenshots/2023_03_28_06_33_28.png>
Package pdftex.def Info: ../Screenshots/2023_03_28_06_33_28.png  used on input 
line 1216.
(pdftex.def)             Requested size: 190.7091pt x 127.27324pt.
[17 <../Screenshots/2023_03_28_06_30_29.png (PNG copy)> <../Screenshots/2023_03
_28_06_33_28.png (PNG copy)>]
<../Screenshots/2023_03_28_06_39_48.png, id=777, 435.6275pt x 368.37625pt>
File: ../Screenshots/2023_03_28_06_39_48.png Graphic file (type png)
<use ../Screenshots/2023_03_28_06_39_48.png>
Package pdftex.def Info: ../Screenshots/2023_03_28_06_39_48.png  used on input 
line 1258.
(pdftex.def)             Requested size: 174.24791pt x 147.34789pt.
<../Screenshots/2023_03_28_06_41_17.png, id=778, 743.77875pt x 237.88875pt>
File: ../Screenshots/2023_03_28_06_41_17.png Graphic file (type png)
<use ../Screenshots/2023_03_28_06_41_17.png>
Package pdftex.def Info: ../Screenshots/2023_03_28_06_41_17.png  used on input 
line 1281.
(pdftex.def)             Requested size: 297.50623pt x 95.15381pt.
<../Screenshots/2023_04_04_05_15_09.png, id=779, 595.22375pt x 251.94125pt>
File: ../Screenshots/2023_04_04_05_15_09.png Graphic file (type png)
<use ../Screenshots/2023_04_04_05_15_09.png>
Package pdftex.def Info: ../Screenshots/2023_04_04_05_15_09.png  used on input 
line 1283.
(pdftex.def)             Requested size: 238.08528pt x 100.7747pt.
<../Screenshots/2023_04_04_05_06_51.png, id=780, 491.8375pt x 278.03876pt>
File: ../Screenshots/2023_04_04_05_06_51.png Graphic file (type png)
<use ../Screenshots/2023_04_04_05_06_51.png>
Package pdftex.def Info: ../Screenshots/2023_04_04_05_06_51.png  used on input 
line 1288.
(pdftex.def)             Requested size: 196.7315pt x 111.21352pt.
 [18 <../Screenshots/2023_03_28_06_39_48.png (PNG copy)> <../Screenshots/2023_0
3_28_06_41_17.png (PNG copy)> <../Screenshots/2023_04_04_05_15_09.png (PNG copy
)>]
<../Screenshots/2023_04_04_05_07_03.png, id=808, 491.8375pt x 270.00874pt>
File: ../Screenshots/2023_04_04_05_07_03.png Graphic file (type png)
<use ../Screenshots/2023_04_04_05_07_03.png>
Package pdftex.def Info: ../Screenshots/2023_04_04_05_07_03.png  used on input 
line 1293.
(pdftex.def)             Requested size: 196.7315pt x 108.00157pt.
<../Screenshots/2023_04_04_05_09_20.png, id=809, 304.13625pt x 730.73pt>
File: ../Screenshots/2023_04_04_05_09_20.png Graphic file (type png)
<use ../Screenshots/2023_04_04_05_09_20.png>
Package pdftex.def Info: ../Screenshots/2023_04_04_05_09_20.png  used on input 
line 1301.
(pdftex.def)             Requested size: 121.65233pt x 292.28682pt.
<../Screenshots/2023_04_04_05_33_13.png, id=810, 673.51625pt x 191.71625pt>
File: ../Screenshots/2023_04_04_05_33_13.png Graphic file (type png)
<use ../Screenshots/2023_04_04_05_33_13.png>
Package pdftex.def Info: ../Screenshots/2023_04_04_05_33_13.png  used on input 
line 1329.
(pdftex.def)             Requested size: 269.40172pt x 76.68513pt.
 [19 <../Screenshots/2023_04_04_05_06_51.png (PNG copy)> <../Screenshots/2023_0
4_04_05_07_03.png (PNG copy)> <../Screenshots/2023_04_04_05_09_20.png (PNG copy
)>]
<../Screenshots/2023_04_04_05_35_26.png, id=816, 175.65625pt x 331.2375pt>
File: ../Screenshots/2023_04_04_05_35_26.png Graphic file (type png)
<use ../Screenshots/2023_04_04_05_35_26.png>
Package pdftex.def Info: ../Screenshots/2023_04_04_05_35_26.png  used on input 
line 1340.
(pdftex.def)             Requested size: 70.26125pt x 132.49265pt.
<../Screenshots/2023_04_04_05_35_51.png, id=817, 742.775pt x 315.1775pt>
File: ../Screenshots/2023_04_04_05_35_51.png Graphic file (type png)
<use ../Screenshots/2023_04_04_05_35_51.png>
Package pdftex.def Info: ../Screenshots/2023_04_04_05_35_51.png  used on input 
line 1342.
(pdftex.def)             Requested size: 297.10474pt x 126.06876pt.
<../Screenshots/2023_04_04_05_38_49.png, id=818, 324.21124pt x 167.62625pt>
File: ../Screenshots/2023_04_04_05_38_49.png Graphic file (type png)
<use ../Screenshots/2023_04_04_05_38_49.png>
Package pdftex.def Info: ../Screenshots/2023_04_04_05_38_49.png  used on input 
line 1364.
(pdftex.def)             Requested size: 129.68219pt x 67.0493pt.
<../Screenshots/2023_04_04_05_39_12.png, id=819, 229.85875pt x 208.78pt>
File: ../Screenshots/2023_04_04_05_39_12.png Graphic file (type png)
<use ../Screenshots/2023_04_04_05_39_12.png>
Package pdftex.def Info: ../Screenshots/2023_04_04_05_39_12.png  used on input 
line 1365.
(pdftex.def)             Requested size: 91.94186pt x 83.5105pt.
<../Screenshots/2023_04_04_05_40_22.png, id=820, 207.77625pt x 67.25125pt>
File: ../Screenshots/2023_04_04_05_40_22.png Graphic file (type png)
<use ../Screenshots/2023_04_04_05_40_22.png>
Package pdftex.def Info: ../Screenshots/2023_04_04_05_40_22.png  used on input 
line 1369.
(pdftex.def)             Requested size: 83.10901pt x 26.90001pt.
<../Screenshots/2023_04_04_05_43_49.png, id=821, 94.3525pt x 56.21pt>
File: ../Screenshots/2023_04_04_05_43_49.png Graphic file (type png)
<use ../Screenshots/2023_04_04_05_43_49.png>
Package pdftex.def Info: ../Screenshots/2023_04_04_05_43_49.png  used on input 
line 1370.
(pdftex.def)             Requested size: 37.74031pt x 22.4836pt.
<../Screenshots/2023_04_04_05_43_39.png, id=822, 425.59pt x 73.27374pt>
File: ../Screenshots/2023_04_04_05_43_39.png Graphic file (type png)
<use ../Screenshots/2023_04_04_05_43_39.png>
Package pdftex.def Info: ../Screenshots/2023_04_04_05_43_39.png  used on input 
line 1371.
(pdftex.def)             Requested size: 170.23297pt x 29.30896pt.
<../Screenshots/2023_04_04_05_44_00.png, id=823, 231.86626pt x 125.46875pt>
File: ../Screenshots/2023_04_04_05_44_00.png Graphic file (type png)
<use ../Screenshots/2023_04_04_05_44_00.png>
Package pdftex.def Info: ../Screenshots/2023_04_04_05_44_00.png  used on input 
line 1372.
(pdftex.def)             Requested size: 92.74484pt x 50.1866pt.
<../Screenshots/2023_04_04_05_45_22.png, id=824, 430.60875pt x 326.21875pt>
File: ../Screenshots/2023_04_04_05_45_22.png Graphic file (type png)
<use ../Screenshots/2023_04_04_05_45_22.png>
Package pdftex.def Info: ../Screenshots/2023_04_04_05_45_22.png  used on input 
line 1386.
(pdftex.def)             Requested size: 172.24043pt x 130.48518pt.
 [20 <../Screenshots/2023_04_04_05_33_13.png (PNG copy)> <../Screenshots/2023_0
4_04_05_35_26.png (PNG copy)> <../Screenshots/2023_04_04_05_35_51.png (PNG copy
)> <../Screenshots/2023_04_04_05_38_49.png (PNG copy)> <../Screenshots/2023_04_
04_05_39_12.png (PNG copy)> <../Screenshots/2023_04_04_05_40_22.png (PNG copy)>
 <../Screenshots/2023_04_04_05_43_49.png (PNG copy)> <../Screenshots/2023_04_04
_05_43_39.png (PNG copy)> <../Screenshots/2023_04_04_05_44_00.png (PNG copy)>]
<../Screenshots/2023_04_04_05_56_40.png, id=847, 204.765pt x 187.70125pt>
File: ../Screenshots/2023_04_04_05_56_40.png Graphic file (type png)
<use ../Screenshots/2023_04_04_05_56_40.png>
Package pdftex.def Info: ../Screenshots/2023_04_04_05_56_40.png  used on input 
line 1393.
(pdftex.def)             Requested size: 81.90454pt x 75.07916pt.
 [21 <../Screenshots/2023_04_04_05_45_22.png (PNG copy)> <../Screenshots/2023_0
4_04_05_56_40.png (PNG copy)>] [22]
<../Screenshots/2023_04_18_05_03_21.png, id=929, 455.7025pt x 228.855pt>
File: ../Screenshots/2023_04_18_05_03_21.png Graphic file (type png)
<use ../Screenshots/2023_04_18_05_03_21.png>
Package pdftex.def Info: ../Screenshots/2023_04_18_05_03_21.png  used on input 
line 1608.
(pdftex.def)             Requested size: 182.27776pt x 91.54037pt.
<../Screenshots/2023_04_18_05_04_12.png, id=930, 826.08624pt x 442.65375pt>
File: ../Screenshots/2023_04_18_05_04_12.png Graphic file (type png)
<use ../Screenshots/2023_04_18_05_04_12.png>
Package pdftex.def Info: ../Screenshots/2023_04_18_05_04_12.png  used on input 
line 1617.
(pdftex.def)             Requested size: 330.42863pt x 177.05835pt.
 [23 <../Screenshots/2023_04_18_05_03_21.png (PNG copy)> <../Screenshots/2023_0
4_18_05_04_12.png (PNG copy)>]
<../Screenshots/2023_04_18_05_27_46.png, id=953, 833.1125pt x 179.67125pt>
File: ../Screenshots/2023_04_18_05_27_46.png Graphic file (type png)
<use ../Screenshots/2023_04_18_05_27_46.png>
Package pdftex.def Info: ../Screenshots/2023_04_18_05_27_46.png  used on input 
line 1680.
(pdftex.def)             Requested size: 333.23909pt x 71.86722pt.
<../Screenshots/2023_04_18_05_30_44.png, id=954, 825.0825pt x 321.2pt>
File: ../Screenshots/2023_04_18_05_30_44.png Graphic file (type png)
<use ../Screenshots/2023_04_18_05_30_44.png>
Package pdftex.def Info: ../Screenshots/2023_04_18_05_30_44.png  used on input 
line 1686.
(pdftex.def)             Requested size: 330.02715pt x 128.47772pt.
<../Screenshots/2023_04_18_05_42_31.png, id=955, 779.91376pt x 261.97874pt>
File: ../Screenshots/2023_04_18_05_42_31.png Graphic file (type png)
<use ../Screenshots/2023_04_18_05_42_31.png>
Package pdftex.def Info: ../Screenshots/2023_04_18_05_42_31.png  used on input 
line 1716.
(pdftex.def)             Requested size: 311.95998pt x 104.78964pt.
 [24 <../Screenshots/2023_04_18_05_27_46.png (PNG copy)> <../Screenshots/2023_0
4_18_05_30_44.png (PNG copy)> <../Screenshots/2023_04_18_05_42_31.png (PNG copy
)>]
<../Screenshots/2023_04_18_05_56_35.png, id=960, 780.9175pt x 294.09875pt>
File: ../Screenshots/2023_04_18_05_56_35.png Graphic file (type png)
<use ../Screenshots/2023_04_18_05_56_35.png>
Package pdftex.def Info: ../Screenshots/2023_04_18_05_56_35.png  used on input 
line 1725.
(pdftex.def)             Requested size: 312.36147pt x 117.6374pt.
<../Screenshots/2023_04_18_05_58_23.png, id=961, 769.87625pt x 269.005pt>
File: ../Screenshots/2023_04_18_05_58_23.png Graphic file (type png)
<use ../Screenshots/2023_04_18_05_58_23.png>
Package pdftex.def Info: ../Screenshots/2023_04_18_05_58_23.png  used on input 
line 1736.
(pdftex.def)             Requested size: 307.94504pt x 107.60008pt.
<../Screenshots/2023_04_18_06_01_05.png, id=962, 768.8725pt x 248.93pt>
File: ../Screenshots/2023_04_18_06_01_05.png Graphic file (type png)
<use ../Screenshots/2023_04_18_06_01_05.png>
Package pdftex.def Info: ../Screenshots/2023_04_18_06_01_05.png  used on input 
line 1738.
(pdftex.def)             Requested size: 307.54355pt x 99.57022pt.
 [25 <../Screenshots/2023_04_18_05_56_35.png (PNG copy)> <../Screenshots/2023_0
4_18_05_58_23.png (PNG copy)> <../Screenshots/2023_04_18_06_01_05.png (PNG copy
)>] [26]
<../Screenshots/2023_04_25_05_20_56.png, id=1040, 598.235pt x 211.79124pt>
File: ../Screenshots/2023_04_25_05_20_56.png Graphic file (type png)
<use ../Screenshots/2023_04_25_05_20_56.png>
Package pdftex.def Info: ../Screenshots/2023_04_25_05_20_56.png  used on input 
line 1900.
(pdftex.def)             Requested size: 239.28975pt x 84.715pt.

Overfull \hbox (4.95363pt too wide) in paragraph at lines 1910--1911
[][]\T1/cmss/m/n/8 Progress:[] If an-other thread wants to en-ter a critial sec
-tion that is al-ready be-ing used, then there must be a de-ci-sion on which th
read en-ters the sec-tion next(in 
 []

[27 <../Screenshots/2023_04_25_05_20_56.png (PNG copy)>] [28]
<../Screenshots/2023_04_25_06_17_08.png, id=1145, 278.03876pt x 192.72pt>
File: ../Screenshots/2023_04_25_06_17_08.png Graphic file (type png)
<use ../Screenshots/2023_04_25_06_17_08.png>
Package pdftex.def Info: ../Screenshots/2023_04_25_06_17_08.png  used on input 
line 2141.
(pdftex.def)             Requested size: 111.21352pt x 77.08662pt.
<../Screenshots/2023_04_25_06_18_20.png, id=1146, 300.12125pt x 202.7575pt>
File: ../Screenshots/2023_04_25_06_18_20.png Graphic file (type png)
<use ../Screenshots/2023_04_25_06_18_20.png>
Package pdftex.def Info: ../Screenshots/2023_04_25_06_18_20.png  used on input 
line 2145.
(pdftex.def)             Requested size: 120.04637pt x 81.10156pt.
 [29 <../Screenshots/2023_04_25_06_17_08.png (PNG copy)> <../Screenshots/2023_0
4_25_06_18_20.png (PNG copy)>] (./besys2.aux)
Package rerunfilecheck Info: File `besys2.out' has not changed.
(rerunfilecheck)             Checksum: D41D8CD98F00B204E9800998ECF8427E;0.
 ) 
Here is how much of TeX's memory you used:
 21653 strings out of 476025
 391960 string characters out of 5796533
 2137388 words of memory out of 10000000
 40954 multiletter control sequences out of 15000+600000
 522013 words of font info for 57 fonts, out of 8000000 for 9000
 1141 hyphenation exceptions out of 8191
 108i,20n,106p,10636b,2176s stack positions out of 5000i,500n,10000p,200000b,80000s
</usr/share/texmf-dist/fonts/type1/public/amsfonts/cm/cmmi6.pfb></usr/share/t
exmf-dist/fonts/type1/public/amsfonts/cm/cmmi8.pfb></usr/share/texmf-dist/fonts
/type1/public/amsfonts/cm/cmsy6.pfb></usr/share/texmf-dist/fonts/type1/public/c
m-super/sfsi0800.pfb></usr/share/texmf-dist/fonts/type1/public/cm-super/sfso080
0.pfb></usr/share/texmf-dist/fonts/type1/public/cm-super/sfss0800.pfb></usr/sha
re/texmf-dist/fonts/type1/public/cm-super/sfsx0800.pfb></usr/share/texmf-dist/f
onts/type1/public/cm-super/sftt0800.pfb>
Output written on besys2.pdf (29 pages, 1482691 bytes).
PDF statistics:
 1442 PDF objects out of 1728 (max. 8388607)
 1326 compressed objects within 14 object streams
 833 named destinations out of 1000 (max. 500000)
 391 words of extra memory for PDF output out of 10000 (max. 10000000)

