This is pdfTeX, Version 3.141592653-2.6-1.40.25 (TeX Live 2023/Arch Linux) (preloaded format=pdflatex 2023.6.9)  12 JUN 2023 10:54
entering extended mode
 \write18 enabled.
 %&-line parsing enabled.
**cpp.tex
(./cpp.tex
LaTeX2e <2022-11-01> patch level 1
L3 programming layer <2023-02-22>
(/usr/share/texmf-dist/tex/latex/koma-script/scrartcl.cls
Document Class: scrartcl 2022/10/12 v3.38 KOMA-Script document class (article)
(/usr/share/texmf-dist/tex/latex/koma-script/scrkbase.sty
Package: scrkbase 2022/10/12 v3.38 KOMA-Script package (KOMA-Script-dependent b
asics and keyval usage)

(/usr/share/texmf-dist/tex/latex/koma-script/scrbase.sty
Package: scrbase 2022/10/12 v3.38 KOMA-Script package (KOMA-Script-independent 
basics and keyval usage)

(/usr/share/texmf-dist/tex/latex/koma-script/scrlfile.sty
Package: scrlfile 2022/10/12 v3.38 KOMA-Script package (file load hooks)

(/usr/share/texmf-dist/tex/latex/koma-script/scrlfile-hook.sty
Package: scrlfile-hook 2022/10/12 v3.38 KOMA-Script package (using LaTeX hooks)


(/usr/share/texmf-dist/tex/latex/koma-script/scrlogo.sty
Package: scrlogo 2022/10/12 v3.38 KOMA-Script package (logo)
)))
(/usr/share/texmf-dist/tex/latex/graphics/keyval.sty
Package: keyval 2022/05/29 v1.15 key=value parser (DPC)
\KV@toks@=\toks16
)
Applying: [2021/05/01] Usage of raw or classic option list on input line 252.
Already applied: [0000/00/00] Usage of raw or classic option list on input line
 368.
))
(/usr/share/texmf-dist/tex/latex/koma-script/tocbasic.sty
Package: tocbasic 2022/10/12 v3.38 KOMA-Script package (handling toc-files)
\scr@dte@tocline@numberwidth=\skip48
\scr@dte@tocline@numbox=\box51
)
Package tocbasic Info: omitting babel extension for `toc'
(tocbasic)             because of feature `nobabel' available
(tocbasic)             for `toc' on input line 135.
Class scrartcl Info: File `size8.clo' used to setup font sizes on input line 23
67.

(/usr/share/texmf-dist/tex/latex/extsizes/size8.clo
File: size8.clo 1999/11/11 v1.4a NON-Standard LaTeX file (size option)
)
(/usr/share/texmf-dist/tex/latex/koma-script/typearea.sty
Package: typearea 2022/10/12 v3.38 KOMA-Script package (type area)
\ta@bcor=\skip49
\ta@div=\count185
\ta@hblk=\skip50
\ta@vblk=\skip51
\ta@temp=\skip52
\footheight=\skip53

DIV calculation for typearea with good linewidth.

Package typearea Warning: Very low DIV value!
(typearea)                DIV values less than 6 result in textwidth/-height
(typearea)                smaller than total marginwidth/-height.
(typearea)                You should e.g. increase DIV, increase fontsize or
(typearea)                change papersize.

Package typearea Info: These are the values describing the layout:
(typearea)             DIV  = 5
(typearea)             BCOR = 0.0pt
(typearea)             \paperwidth      = 597.50793pt
(typearea)              \textwidth      = 239.00317pt
(typearea)              DIV departure   = 14%
(typearea)              \evensidemargin = 106.98239pt
(typearea)              \oddsidemargin  = 106.98239pt
(typearea)             \paperheight     = 845.04694pt
(typearea)              \textheight     = 340.5pt
(typearea)              \topmargin      = 70.6144pt
(typearea)              \headheight     = 11.875pt
(typearea)              \headsep        = 14.25pt
(typearea)              \topskip        = 8.0pt
(typearea)              \footskip       = 33.25pt
(typearea)              \baselineskip   = 9.5pt
(typearea)              on input line 1767.
)
\c@part=\count186
\c@section=\count187
\c@subsection=\count188
\c@subsubsection=\count189
\c@paragraph=\count190
\c@subparagraph=\count191
\scr@dte@section@maxnumwidth=\skip54
Class scrartcl Info: using compatibility default `runin=bysign'
(scrartcl)           for `\section on input line 4994.
Class scrartcl Info: using compatibility default `afterindent=bysign'
(scrartcl)           for `\section on input line 4994.
\scr@dte@part@maxnumwidth=\skip55
Class scrartcl Info: using compatibility default `afterindent=false'
(scrartcl)           for `\part on input line 5002.
\scr@dte@subsection@maxnumwidth=\skip56
Class scrartcl Info: using compatibility default `runin=bysign'
(scrartcl)           for `\subsection on input line 5012.
Class scrartcl Info: using compatibility default `afterindent=bysign'
(scrartcl)           for `\subsection on input line 5012.
\scr@dte@subsubsection@maxnumwidth=\skip57
Class scrartcl Info: using compatibility default `runin=bysign'
(scrartcl)           for `\subsubsection on input line 5022.
Class scrartcl Info: using compatibility default `afterindent=bysign'
(scrartcl)           for `\subsubsection on input line 5022.
\scr@dte@paragraph@maxnumwidth=\skip58
Class scrartcl Info: using compatibility default `runin=bysign'
(scrartcl)           for `\paragraph on input line 5033.
Class scrartcl Info: using compatibility default `afterindent=bysign'
(scrartcl)           for `\paragraph on input line 5033.
\scr@dte@subparagraph@maxnumwidth=\skip59
Class scrartcl Info: using compatibility default `runin=bysign'
(scrartcl)           for `\subparagraph on input line 5043.
Class scrartcl Info: using compatibility default `afterindent=bysign'
(scrartcl)           for `\subparagraph on input line 5043.
\abovecaptionskip=\skip60
\belowcaptionskip=\skip61
\c@pti@nb@sid@b@x=\box52
Package tocbasic Info: omitting babel extension for `lof'
(tocbasic)             because of feature `nobabel' available
(tocbasic)             for `lof' on input line 6211.
\scr@dte@figure@maxnumwidth=\skip62
\c@figure=\count192
Package tocbasic Info: omitting babel extension for `lot'
(tocbasic)             because of feature `nobabel' available
(tocbasic)             for `lot' on input line 6227.
\scr@dte@table@maxnumwidth=\skip63
\c@table=\count193
Class scrartcl Info: Redefining `\numberline' on input line 6397.
\bibindent=\dimen140
) (../ost-summary-template.tex
(/usr/share/texmf-dist/tex/latex/base/fontenc.sty
Package: fontenc 2021/04/29 v2.0v Standard LaTeX package
)
(/usr/share/texmf-dist/tex/latex/base/inputenc.sty
Package: inputenc 2021/02/14 v1.3d Input encoding file
\inpenc@prehook=\toks17
\inpenc@posthook=\toks18
)
(/usr/share/texmf-dist/tex/latex/xcolor/xcolor.sty
Package: xcolor 2022/06/12 v2.14 LaTeX color extensions (UK)

(/usr/share/texmf-dist/tex/latex/graphics-cfg/color.cfg
File: color.cfg 2016/01/02 v1.6 sample color configuration
)
Package xcolor Info: Driver file: pdftex.def on input line 227.

(/usr/share/texmf-dist/tex/latex/graphics-def/pdftex.def
File: pdftex.def 2022/09/22 v1.2b Graphics/color driver for pdftex
)
(/usr/share/texmf-dist/tex/latex/graphics/mathcolor.ltx)
Package xcolor Info: Model `cmy' substituted by `cmy0' on input line 1353.
Package xcolor Info: Model `hsb' substituted by `rgb' on input line 1357.
Package xcolor Info: Model `RGB' extended on input line 1369.
Package xcolor Info: Model `HTML' substituted by `rgb' on input line 1371.
Package xcolor Info: Model `Hsb' substituted by `hsb' on input line 1372.
Package xcolor Info: Model `tHsb' substituted by `hsb' on input line 1373.
Package xcolor Info: Model `HSB' substituted by `hsb' on input line 1374.
Package xcolor Info: Model `Gray' substituted by `gray' on input line 1375.
Package xcolor Info: Model `wave' substituted by `hsb' on input line 1376.

(/usr/share/texmf-dist/tex/latex/graphics/dvipsnam.def
File: dvipsnam.def 2016/06/17 v3.0m Driver-dependent file (DPC,SPQR)
))
(/usr/share/texmf-dist/tex/generic/babel/babel.sty
Package: babel 2023/02/13 3.86 The Babel package
\babel@savecnt=\count194
\U@D=\dimen141
\l@unhyphenated=\language87

(/usr/share/texmf-dist/tex/generic/babel/txtbabel.def)
\bbl@readstream=\read2
\bbl@dirlevel=\count195

(/usr/share/texmf-dist/tex/generic/babel-english/english.ldf
Language: english 2017/06/06 v3.3r English support from the babel system
Package babel Info: Hyphen rules for 'canadian' set to \l@english
(babel)             (\language0). Reported on input line 102.
Package babel Info: Hyphen rules for 'australian' set to \l@ukenglish
(babel)             (\language21). Reported on input line 105.
Package babel Info: Hyphen rules for 'newzealand' set to \l@ukenglish
(babel)             (\language21). Reported on input line 108.
))
(/usr/share/texmf-dist/tex/generic/babel/locale/en/babel-english.tex
Package babel Info: Importing font and identification data for english
(babel)             from babel-en.ini. Reported on input line 11.
)
(/usr/share/texmf-dist/tex/latex/hyperref/hyperref.sty
Package: hyperref 2023-02-07 v7.00v Hypertext links for LaTeX

(/usr/share/texmf-dist/tex/generic/ltxcmds/ltxcmds.sty
Package: ltxcmds 2020-05-10 v1.25 LaTeX kernel commands for general use (HO)
)
(/usr/share/texmf-dist/tex/generic/iftex/iftex.sty
Package: iftex 2022/02/03 v1.0f TeX engine tests
)
(/usr/share/texmf-dist/tex/generic/pdftexcmds/pdftexcmds.sty
Package: pdftexcmds 2020-06-27 v0.33 Utility functions of pdfTeX for LuaTeX (HO
)

(/usr/share/texmf-dist/tex/generic/infwarerr/infwarerr.sty
Package: infwarerr 2019/12/03 v1.5 Providing info/warning/error messages (HO)
)
Package pdftexcmds Info: \pdf@primitive is available.
Package pdftexcmds Info: \pdf@ifprimitive is available.
Package pdftexcmds Info: \pdfdraftmode found.
)
(/usr/share/texmf-dist/tex/latex/kvsetkeys/kvsetkeys.sty
Package: kvsetkeys 2022-10-05 v1.19 Key value parser (HO)
)
(/usr/share/texmf-dist/tex/generic/kvdefinekeys/kvdefinekeys.sty
Package: kvdefinekeys 2019-12-19 v1.6 Define keys (HO)
)
(/usr/share/texmf-dist/tex/generic/pdfescape/pdfescape.sty
Package: pdfescape 2019/12/09 v1.15 Implements pdfTeX's escape features (HO)
)
(/usr/share/texmf-dist/tex/latex/hycolor/hycolor.sty
Package: hycolor 2020-01-27 v1.10 Color options for hyperref/bookmark (HO)
)
(/usr/share/texmf-dist/tex/latex/letltxmacro/letltxmacro.sty
Package: letltxmacro 2019/12/03 v1.6 Let assignment for LaTeX macros (HO)
)
(/usr/share/texmf-dist/tex/latex/auxhook/auxhook.sty
Package: auxhook 2019-12-17 v1.6 Hooks for auxiliary files (HO)
)
(/usr/share/texmf-dist/tex/latex/hyperref/nameref.sty
Package: nameref 2022-05-17 v2.50 Cross-referencing by name of section

(/usr/share/texmf-dist/tex/latex/refcount/refcount.sty
Package: refcount 2019/12/15 v3.6 Data extraction from label references (HO)
)
(/usr/share/texmf-dist/tex/generic/gettitlestring/gettitlestring.sty
Package: gettitlestring 2019/12/15 v1.6 Cleanup title references (HO)

(/usr/share/texmf-dist/tex/latex/kvoptions/kvoptions.sty
Package: kvoptions 2022-06-15 v3.15 Key value format for package options (HO)
))
\c@section@level=\count196
)
\@linkdim=\dimen142
\Hy@linkcounter=\count197
\Hy@pagecounter=\count198

(/usr/share/texmf-dist/tex/latex/hyperref/pd1enc.def
File: pd1enc.def 2023-02-07 v7.00v Hyperref: PDFDocEncoding definition (HO)
Now handling font encoding PD1 ...
... no UTF-8 mapping file for font encoding PD1
)
(/usr/share/texmf-dist/tex/generic/intcalc/intcalc.sty
Package: intcalc 2019/12/15 v1.3 Expandable calculations with integers (HO)
)
(/usr/share/texmf-dist/tex/generic/etexcmds/etexcmds.sty
Package: etexcmds 2019/12/15 v1.7 Avoid name clashes with e-TeX commands (HO)
)
\Hy@SavedSpaceFactor=\count199

(/usr/share/texmf-dist/tex/latex/hyperref/puenc.def
File: puenc.def 2023-02-07 v7.00v Hyperref: PDF Unicode definition (HO)
Now handling font encoding PU ...
... no UTF-8 mapping file for font encoding PU
)
Package hyperref Info: Hyper figures OFF on input line 4177.
Package hyperref Info: Link nesting OFF on input line 4182.
Package hyperref Info: Hyper index ON on input line 4185.
Package hyperref Info: Plain pages OFF on input line 4192.
Package hyperref Info: Backreferencing OFF on input line 4197.
Package hyperref Info: Implicit mode ON; LaTeX internals redefined.
Package hyperref Info: Bookmarks ON on input line 4425.
\c@Hy@tempcnt=\count266

(/usr/share/texmf-dist/tex/latex/url/url.sty
\Urlmuskip=\muskip16
Package: url 2013/09/16  ver 3.4  Verb mode for urls, etc.
)
LaTeX Info: Redefining \url on input line 4763.
\XeTeXLinkMargin=\dimen143

(/usr/share/texmf-dist/tex/generic/bitset/bitset.sty
Package: bitset 2019/12/09 v1.3 Handle bit-vector datatype (HO)

(/usr/share/texmf-dist/tex/generic/bigintcalc/bigintcalc.sty
Package: bigintcalc 2019/12/15 v1.5 Expandable calculations on big integers (HO
)
))
\Fld@menulength=\count267
\Field@Width=\dimen144
\Fld@charsize=\dimen145
Package hyperref Info: Hyper figures OFF on input line 6042.
Package hyperref Info: Link nesting OFF on input line 6047.
Package hyperref Info: Hyper index ON on input line 6050.
Package hyperref Info: backreferencing OFF on input line 6057.
Package hyperref Info: Link coloring OFF on input line 6062.
Package hyperref Info: Link coloring with OCG OFF on input line 6067.
Package hyperref Info: PDF/A mode OFF on input line 6072.

(/usr/share/texmf-dist/tex/latex/base/atbegshi-ltx.sty
Package: atbegshi-ltx 2021/01/10 v1.0c Emulation of the original atbegshi
package with kernel methods
)
\Hy@abspage=\count268
\c@Item=\count269
\c@Hfootnote=\count270
)
Package hyperref Info: Driver (autodetected): hpdftex.

(/usr/share/texmf-dist/tex/latex/hyperref/hpdftex.def
File: hpdftex.def 2023-02-07 v7.00v Hyperref driver for pdfTeX

(/usr/share/texmf-dist/tex/latex/base/atveryend-ltx.sty
Package: atveryend-ltx 2020/08/19 v1.0a Emulation of the original atveryend pac
kage
with kernel methods
)
\Fld@listcount=\count271
\c@bookmark@seq@number=\count272

(/usr/share/texmf-dist/tex/latex/rerunfilecheck/rerunfilecheck.sty
Package: rerunfilecheck 2022-07-10 v1.10 Rerun checks for auxiliary files (HO)

(/usr/share/texmf-dist/tex/generic/uniquecounter/uniquecounter.sty
Package: uniquecounter 2019/12/15 v1.4 Provide unlimited unique counter (HO)
)
Package uniquecounter Info: New unique counter `rerunfilecheck' on input line 2
85.
)
\Hy@SectionHShift=\skip64
)
(/usr/share/texmf-dist/tex/latex/sectsty/sectsty.sty
Package: sectsty 2002/02/25 v2.0.2 Commands to change all sectional heading sty
les


LaTeX Warning: Command \underbar  has changed.
               Check if current package is valid.


LaTeX Warning: Command \underline  has changed.
               Check if current package is valid.

)

Class scrartcl Warning: Incompatible package `sectsty' loaded!
(scrartcl)              Package `sectsty' up to version 2.0.2 is incompatible
(scrartcl)              with KOMA-Script from version 2.8e released in 2001.
(scrartcl)              You should avoid that package and configure the
(scrartcl)              section titles of your document using the KOMA-Script
(scrartcl)              user interface, e.g., \chapterlinesformat,
(scrartcl)              \RedeclareSectionCommand etc. or you should ask
(scrartcl)              the `sectsty' maintainer for a more compatible release.

(scrartcl)              Ignoring this warning could result in several error
(scrartcl)              messages and formatting issues after loading package
(scrartcl)              `sectsty' on input line 8.

(/usr/share/texmf-dist/tex/latex/pdfpages/pdfpages.sty
Package: pdfpages 2022/12/19 v0.5x Insert pages of external PDF documents (AM)

(/usr/share/texmf-dist/tex/latex/base/ifthen.sty
Package: ifthen 2022/04/13 v1.1d Standard LaTeX ifthen package (DPC)
)
(/usr/share/texmf-dist/tex/latex/tools/calc.sty
Package: calc 2017/05/25 v4.3 Infix arithmetic (KKT,FJ)
\calc@Acount=\count273
\calc@Bcount=\count274
\calc@Adimen=\dimen146
\calc@Bdimen=\dimen147
\calc@Askip=\skip65
\calc@Bskip=\skip66
LaTeX Info: Redefining \setlength on input line 80.
LaTeX Info: Redefining \addtolength on input line 81.
\calc@Ccount=\count275
\calc@Cskip=\skip67
)
(/usr/share/texmf-dist/tex/latex/eso-pic/eso-pic.sty
Package: eso-pic 2020/10/14 v3.0a eso-pic (RN)
\ESO@tempdima=\dimen148
\ESO@tempdimb=\dimen149
)
(/usr/share/texmf-dist/tex/latex/graphics/graphicx.sty
Package: graphicx 2021/09/16 v1.2d Enhanced LaTeX Graphics (DPC,SPQR)

(/usr/share/texmf-dist/tex/latex/graphics/graphics.sty
Package: graphics 2022/03/10 v1.4e Standard LaTeX Graphics (DPC,SPQR)

(/usr/share/texmf-dist/tex/latex/graphics/trig.sty
Package: trig 2021/08/11 v1.11 sin cos tan (DPC)
)
(/usr/share/texmf-dist/tex/latex/graphics-cfg/graphics.cfg
File: graphics.cfg 2016/06/04 v1.11 sample graphics configuration
)
Package graphics Info: Driver file: pdftex.def on input line 107.
)
\Gin@req@height=\dimen150
\Gin@req@width=\dimen151
)
\AM@pagewidth=\dimen152
\AM@pageheight=\dimen153
\AM@fboxrule=\dimen154

(/usr/share/texmf-dist/tex/latex/pdfpages/pppdftex.def
File: pppdftex.def 2022/12/19 v0.5x Pdfpages driver for pdfTeX (AM)
)
\pdfpages@includegraphics@status=\count276
\AM@pagebox=\box53
\AM@global@opts=\toks19
\AM@pagecnt=\count277
\AM@toc@title=\toks20
\AM@lof@heading=\toks21
\c@AM@survey=\count278
\AM@templatesizebox=\box54
)
(/usr/share/texmf-dist/tex/latex/geometry/geometry.sty
Package: geometry 2020/01/02 v5.9 Page Geometry

(/usr/share/texmf-dist/tex/generic/iftex/ifvtex.sty
Package: ifvtex 2019/10/25 v1.7 ifvtex legacy package. Use iftex instead.
)
\Gm@cnth=\count279
\Gm@cntv=\count280
\c@Gm@tempcnt=\count281
\Gm@bindingoffset=\dimen155
\Gm@wd@mp=\dimen156
\Gm@odd@mp=\dimen157
\Gm@even@mp=\dimen158
\Gm@layoutwidth=\dimen159
\Gm@layoutheight=\dimen160
\Gm@layouthoffset=\dimen161
\Gm@layoutvoffset=\dimen162
\Gm@dimlist=\toks22
)
(/usr/share/texmf-dist/tex/latex/koma-script/scrlayer-scrpage.sty
Package: scrlayer-scrpage 2022/10/12 v3.38 KOMA-Script package (end user interf
ace for scrlayer)

(/usr/share/texmf-dist/tex/latex/koma-script/scrlayer.sty
Package: scrlayer 2022/10/12 v3.38 KOMA-Script package (defining layers and pag
e styles)
Package scrlayer Info: patching LaTeX kernel macro \pagestyle on input line 217
6.
)
Package scrlayer-scrpage Info: Makeing stand-alone element `pagehead' from
(scrlayer-scrpage)             alias to `pageheadfoot' on input line 1089.
)
(/usr/share/texmf-dist/tex/latex/amsmath/amsmath.sty
Package: amsmath 2022/04/08 v2.17n AMS math features
\@mathmargin=\skip68

For additional information on amsmath, use the `?' option.
(/usr/share/texmf-dist/tex/latex/amsmath/amstext.sty
Package: amstext 2021/08/26 v2.01 AMS text

(/usr/share/texmf-dist/tex/latex/amsmath/amsgen.sty
File: amsgen.sty 1999/11/30 v2.0 generic functions
\@emptytoks=\toks23
\ex@=\dimen163
))
(/usr/share/texmf-dist/tex/latex/amsmath/amsbsy.sty
Package: amsbsy 1999/11/29 v1.2d Bold Symbols
\pmbraise@=\dimen164
)
(/usr/share/texmf-dist/tex/latex/amsmath/amsopn.sty
Package: amsopn 2022/04/08 v2.04 operator names
)
\inf@bad=\count282
LaTeX Info: Redefining \frac on input line 234.
\uproot@=\count283
\leftroot@=\count284
LaTeX Info: Redefining \overline on input line 399.
LaTeX Info: Redefining \colon on input line 410.
\classnum@=\count285
\DOTSCASE@=\count286
LaTeX Info: Redefining \ldots on input line 496.
LaTeX Info: Redefining \dots on input line 499.
LaTeX Info: Redefining \cdots on input line 620.
\Mathstrutbox@=\box55
\strutbox@=\box56
LaTeX Info: Redefining \big on input line 722.
LaTeX Info: Redefining \Big on input line 723.
LaTeX Info: Redefining \bigg on input line 724.
LaTeX Info: Redefining \Bigg on input line 725.
\big@size=\dimen165
LaTeX Font Info:    Redeclaring font encoding OML on input line 743.
LaTeX Font Info:    Redeclaring font encoding OMS on input line 744.
\macc@depth=\count287
LaTeX Info: Redefining \bmod on input line 905.
LaTeX Info: Redefining \pmod on input line 910.
LaTeX Info: Redefining \smash on input line 940.
LaTeX Info: Redefining \relbar on input line 970.
LaTeX Info: Redefining \Relbar on input line 971.
\c@MaxMatrixCols=\count288
\dotsspace@=\muskip17
\c@parentequation=\count289
\dspbrk@lvl=\count290
\tag@help=\toks24
\row@=\count291
\column@=\count292
\maxfields@=\count293
\andhelp@=\toks25
\eqnshift@=\dimen166
\alignsep@=\dimen167
\tagshift@=\dimen168
\tagwidth@=\dimen169
\totwidth@=\dimen170
\lineht@=\dimen171
\@envbody=\toks26
\multlinegap=\skip69
\multlinetaggap=\skip70
\mathdisplay@stack=\toks27
LaTeX Info: Redefining \[ on input line 2953.
LaTeX Info: Redefining \] on input line 2954.
)
(/usr/share/texmf-dist/tex/latex/amsfonts/amssymb.sty
Package: amssymb 2013/01/14 v3.01 AMS font symbols

(/usr/share/texmf-dist/tex/latex/amsfonts/amsfonts.sty
Package: amsfonts 2013/01/14 v3.01 Basic AMSFonts support
\symAMSa=\mathgroup4
\symAMSb=\mathgroup5
LaTeX Font Info:    Redeclaring math symbol \hbar on input line 98.
LaTeX Font Info:    Overwriting math alphabet `\mathfrak' in version `bold'
(Font)                  U/euf/m/n --> U/euf/b/n on input line 106.
))
(/usr/share/texmf-dist/tex/latex/fancyvrb/fancyvrb.sty
Package: fancyvrb 2023/01/19 4.5a verbatim text (tvz,hv)
\FV@CodeLineNo=\count294
\FV@InFile=\read3
\FV@TabBox=\box57
\c@FancyVerbLine=\count295
\FV@StepNumber=\count296
\FV@OutFile=\write3
)
(/usr/share/texmf-dist/tex/latex/etoolbox/etoolbox.sty
Package: etoolbox 2020/10/05 v2.5k e-TeX tools for LaTeX (JAW)
\etb@tempcnta=\count297
)
(/usr/share/texmf-dist/tex/latex/listings/listings.sty
\lst@mode=\count298
\lst@gtempboxa=\box58
\lst@token=\toks28
\lst@length=\count299
\lst@currlwidth=\dimen172
\lst@column=\count300
\lst@pos=\count301
\lst@lostspace=\dimen173
\lst@width=\dimen174
\lst@newlines=\count302
\lst@lineno=\count303
\lst@maxwidth=\dimen175

(/usr/share/texmf-dist/tex/latex/listings/lstmisc.sty
File: lstmisc.sty 2023/02/27 1.9 (Carsten Heinz)
\c@lstnumber=\count304
\lst@skipnumbers=\count305
\lst@framebox=\box59
)
(/usr/share/texmf-dist/tex/latex/listings/listings.cfg
File: listings.cfg 2023/02/27 1.9 listings configuration
))
Package: listings 2023/02/27 1.9 (Carsten Heinz)

(/usr/share/texmf-dist/tex/latex/enumitem/enumitem.sty
Package: enumitem 2019/06/20 v3.9 Customized lists
\labelindent=\skip71
\enit@outerparindent=\dimen176
\enit@toks=\toks29
\enit@inbox=\box60
\enit@count@id=\count306
\enitdp@description=\count307
)

Class scrartcl Warning: Usage of package `titlesec' together
(scrartcl)              with a KOMA-Script class is not recommended.
(scrartcl)              I'd suggest to use KOMA-Script features
(scrartcl)              like \setkomafont, \RedeclareSectionCommand, \sectionli
nesformat
(scrartcl)              and several others to re-configure section
(scrartcl)              headings.
(scrartcl)              Nevertheless, using requested
(scrartcl)              package `titlesec' on input line 87.

(/usr/share/texmf-dist/tex/latex/titlesec/titlesec.sty
Package: titlesec 2021/07/05 v2.14 Sectioning titles
\ttl@box=\box61
\beforetitleunit=\skip72
\aftertitleunit=\skip73
\ttl@plus=\dimen177
\ttl@minus=\dimen178
\ttl@toksa=\toks30
\titlewidth=\dimen179
\titlewidthlast=\dimen180
\titlewidthfirst=\dimen181
)
(/usr/share/texmf-dist/tex/latex/ragged2e/ragged2e.sty
Package: ragged2e 2023/02/25 v3.4 ragged2e Package


LaTeX Warning: Command \@arrayparboxrestore  has changed.
               Check if current package is valid.

(/usr/share/texmf-dist/tex/latex/footmisc/footmisc.sty
Package: footmisc 2022/03/08 v6.0d a miscellany of footnote facilities
\FN@temptoken=\toks31
\footnotemargin=\dimen182
\@outputbox@depth=\dimen183
Package footmisc Info: Declaring symbol style bringhurst on input line 695.
Package footmisc Info: Declaring symbol style chicago on input line 703.
Package footmisc Info: Declaring symbol style wiley on input line 712.
Package footmisc Info: Declaring symbol style lamport-robust on input line 723.

Package footmisc Info: Declaring symbol style lamport* on input line 743.
Package footmisc Info: Declaring symbol style lamport*-robust on input line 764
.
)
\CenteringLeftskip=\skip74
\RaggedLeftLeftskip=\skip75
\RaggedRightLeftskip=\skip76
\CenteringRightskip=\skip77
\RaggedLeftRightskip=\skip78
\RaggedRightRightskip=\skip79
\CenteringParfillskip=\skip80
\RaggedLeftParfillskip=\skip81
\RaggedRightParfillskip=\skip82
\JustifyingParfillskip=\skip83
\CenteringParindent=\skip84
\RaggedLeftParindent=\skip85
\RaggedRightParindent=\skip86
\JustifyingParindent=\skip87
)
(/usr/share/texmf-dist/tex/latex/tools/array.sty
Package: array 2022/09/04 v2.5g Tabular extension package (FMi)
\col@sep=\dimen184
\ar@mcellbox=\box62
\extrarowheight=\dimen185
\NC@list=\toks32
\extratabsurround=\skip88
\backup@length=\skip89
\ar@cellbox=\box63
)
(/usr/share/texmf-dist/tex/latex/makecell/makecell.sty
Package: makecell 2009/08/03 V0.1e Managing of Tab Column Heads and Cells
\rotheadsize=\dimen186
\c@nlinenum=\count308
\TeXr@lab=\toks33
))
LaTeX Font Info:    Trying to load font information for T1+cmss on input line 4
.

(/usr/share/texmf-dist/tex/latex/base/t1cmss.fd
File: t1cmss.fd 2022/07/10 v2.5l Standard LaTeX font definitions
)
(/usr/share/texmf-dist/tex/latex/l3backend/l3backend-pdftex.def
File: l3backend-pdftex.def 2023-01-16 L3 backend support: PDF output (pdfTeX)
\l__color_backend_stack_int=\count309
\l__pdf_internal_box=\box64
)

LaTeX Warning: Unused global option(s):
    [main.tex].

(./cpp.aux)
\openout1 = `cpp.aux'.

LaTeX Font Info:    Checking defaults for OML/cmm/m/it on input line 4.
LaTeX Font Info:    ... okay on input line 4.
LaTeX Font Info:    Checking defaults for OMS/cmsy/m/n on input line 4.
LaTeX Font Info:    ... okay on input line 4.
LaTeX Font Info:    Checking defaults for OT1/cmr/m/n on input line 4.
LaTeX Font Info:    ... okay on input line 4.
LaTeX Font Info:    Checking defaults for T1/cmr/m/n on input line 4.
LaTeX Font Info:    ... okay on input line 4.
LaTeX Font Info:    Checking defaults for TS1/cmr/m/n on input line 4.
LaTeX Font Info:    ... okay on input line 4.
LaTeX Font Info:    Checking defaults for OMX/cmex/m/n on input line 4.
LaTeX Font Info:    ... okay on input line 4.
LaTeX Font Info:    Checking defaults for U/cmr/m/n on input line 4.
LaTeX Font Info:    ... okay on input line 4.
LaTeX Font Info:    Checking defaults for PD1/pdf/m/n on input line 4.
LaTeX Font Info:    ... okay on input line 4.
LaTeX Font Info:    Checking defaults for PU/pdf/m/n on input line 4.
LaTeX Font Info:    ... okay on input line 4.
Package scrbase Info: activating english \abstractname on input line 4.
Package scrbase Info: activating english \partname on input line 4.
Package scrbase Info: activating english \figurename on input line 4.
Package scrbase Info: activating english \tablename on input line 4.
Package scrbase Info: activating english \contentsname on input line 4.
Package scrbase Info: activating english \listfigurename on input line 4.
Package scrbase Info: activating english \listtablename on input line 4.
Package scrbase Info: activating english \refname on input line 4.
Package scrbase Info: activating english \indexname on input line 4.
 (/usr/share/texmf-dist/tex/context/base/mkii/supp-pdf.mkii
[Loading MPS to PDF converter (version 2006.09.02).]
\scratchcounter=\count310
\scratchdimen=\dimen187
\scratchbox=\box65
\nofMPsegments=\count311
\nofMParguments=\count312
\everyMPshowfont=\toks34
\MPscratchCnt=\count313
\MPscratchDim=\dimen188
\MPnumerator=\count314
\makeMPintoPDFobject=\count315
\everyMPtoPDFconversion=\toks35
) (/usr/share/texmf-dist/tex/latex/epstopdf-pkg/epstopdf-base.sty
Package: epstopdf-base 2020-01-24 v2.11 Base part for package epstopdf
Package epstopdf-base Info: Redefining graphics rule for `.eps' on input line 4
85.

(/usr/share/texmf-dist/tex/latex/latexconfig/epstopdf-sys.cfg
File: epstopdf-sys.cfg 2010/07/13 v1.3 Configuration of (r)epstopdf for TeX Liv
e
))
Package hyperref Info: Link coloring OFF on input line 4.
 (./cpp.out)
(./cpp.out)
\@outlinefile=\write4
\openout4 = `cpp.out'.

Class scrartcl Info: loading recommended package `bookmark'.
(scrartcl)           Using `bookmark' together with `hyperref' is recommended,
(scrartcl)           because of handling of possible bookmark level gaps.
(scrartcl)           You can avoid loading `bookmark' with KOMA-Script option
(scrartcl)           `bookmarkpackage=false' before \begin{document} and
(scrartcl)           you can avoid this message adding:
(scrartcl)             \usepackage{bookmark}
(scrartcl)           before \begin{document} on input line 4.
 (/usr/share/texmf-dist/tex/latex/bookmark/bookmark.sty
Package: bookmark 2020-11-06 v1.29 PDF bookmarks (HO)

(/usr/share/texmf-dist/tex/latex/bookmark/bkm-pdftex.def
File: bkm-pdftex.def 2020-11-06 v1.29 bookmark driver for pdfTeX (HO)
\BKM@id=\count316
))
(/usr/share/texmf-dist/tex/latex/pdflscape/pdflscape.sty
Package: pdflscape 2022-10-27 v0.13 Display of landscape pages in PDF

(/usr/share/texmf-dist/tex/latex/pdflscape/pdflscape-nometadata.sty
Package: pdflscape-nometadata 2022-10-28 v0.13 Display of landscape pages in PD
F (HO)

(/usr/share/texmf-dist/tex/latex/graphics/lscape.sty
Package: lscape 2020/05/28 v3.02 Landscape Pages (DPC)
)
Package pdflscape Info: Auto-detected driver: pdftex on input line 81.
))
*geometry* driver: auto-detecting
*geometry* detected driver: pdftex
*geometry* verbose mode - [ preamble ] result:
* driver: pdftex
* paper: <default>
* layout: <same size as paper>
* layoutoffset:(h,v)=(0.0pt,0.0pt)
* modes: 
* h-part:(L,W,R)=(14.22636pt, 569.0552pt, 14.22636pt)
* v-part:(T,H,B)=(14.22636pt, 816.59421pt, 14.22636pt)
* \paperwidth=597.50793pt
* \paperheight=845.04694pt
* \textwidth=569.0552pt
* \textheight=816.59421pt
* \oddsidemargin=-58.04362pt
* \evensidemargin=-58.04362pt
* \topmargin=-84.16862pt
* \headheight=28.5pt
* \headsep=5.69054pt
* \topskip=8.0pt
* \footskip=33.25pt
* \marginparwidth=119.50159pt
* \marginparsep=12.8401pt
* \columnsep=10.0pt
* \skip\footins=7.0pt plus 4.0pt minus 2.0pt
* \hoffset=0.0pt
* \voffset=0.0pt
* \mag=1000
* \@twocolumnfalse
* \@twosidefalse
* \@mparswitchfalse
* \@reversemarginfalse
* (1in=72.27pt=25.4mm, 1cm=28.453pt)

\c@lstlisting=\count317
Package ragged2e Info: ABD: executing \RaggedRight on input line 4.
LaTeX Font Info:    Trying to load font information for U+msa on input line 5.
(/usr/share/texmf-dist/tex/latex/amsfonts/umsa.fd
File: umsa.fd 2013/01/14 v3.01 AMS symbols A
)
LaTeX Font Info:    Trying to load font information for U+msb on input line 5.

(/usr/share/texmf-dist/tex/latex/amsfonts/umsb.fd
File: umsb.fd 2013/01/14 v3.01 AMS symbols B
) (./cpp.toc
! Undefined control sequence.
\sls@ps@scrheadings@odd@middle@head ...ies \TITLE 
                                                  , \AUTHOR , \pagename ~\th...
l.79 ....3}Destroying threads}{17}{subsection.9.3}
                                                  %
? 
! Undefined control sequence.
\sls@ps@scrheadings@odd@middle@head ... , \AUTHOR 
                                                  , \pagename ~\thepage }
l.79 ....3}Destroying threads}{17}{subsection.9.3}
                                                  %
? 
[1{/var/lib/texmf/fonts/map/pdftex/updmap/pdftex.map}{/usr/share/texmf-dist/fon
ts/enc/dvips/cm-super/cm-super-t1.enc}

])
\tf@toc=\write5
\openout5 = `cpp.toc'.


(/usr/share/texmf-dist/tex/latex/listings/lstlang1.sty
File: lstlang1.sty 2023/02/27 1.9 listings language file
)
(/usr/share/texmf-dist/tex/latex/listings/lstlang1.sty
File: lstlang1.sty 2023/02/27 1.9 listings language file
)
(/usr/share/texmf-dist/tex/latex/listings/lstmisc.sty
File: lstmisc.sty 2023/02/27 1.9 (Carsten Heinz)
)
LaTeX Font Info:    Trying to load font information for T1+cmtt on input line 2
1.

(/usr/share/texmf-dist/tex/latex/base/t1cmtt.fd
File: t1cmtt.fd 2022/07/10 v2.5l Standard LaTeX font definitions
)
LaTeX Font Info:    Font shape `T1/cmtt/bx/n' in size <7> not available
(Font)              Font shape `T1/cmtt/m/n' tried instead on input line 23.
 [2]
<../Screenshots/2023_02_28_01_43_39.png, id=253, 591.20876pt x 157.58875pt>
File: ../Screenshots/2023_02_28_01_43_39.png Graphic file (type png)
<use ../Screenshots/2023_02_28_01_43_39.png>
Package pdftex.def Info: ../Screenshots/2023_02_28_01_43_39.png  used on input 
line 105.
(pdftex.def)             Requested size: 236.47931pt x 63.03436pt.
<../Screenshots/2023_02_28_01_44_08.png, id=254, 881.2925pt x 350.30875pt>
File: ../Screenshots/2023_02_28_01_44_08.png Graphic file (type png)
<use ../Screenshots/2023_02_28_01_44_08.png>
Package pdftex.def Info: ../Screenshots/2023_02_28_01_44_08.png  used on input 
line 106.
(pdftex.def)             Requested size: 308.45699pt x 122.6099pt.
LaTeX Font Info:    Trying to load font information for TS1+cmss on input line 
108.

(/usr/share/texmf-dist/tex/latex/base/ts1cmss.fd
File: ts1cmss.fd 2022/07/10 v2.5l Standard LaTeX font definitions
) [3{/usr/share/texmf-dist/fonts/enc/dvips/cm-super/cm-super-ts1.enc} <../Scree
nshots/2023_02_28_01_43_39.png (PNG copy)> <../Screenshots/2023_02_28_01_44_08.
png (PNG copy)>]
<../Screenshots/2023_02_28_02_08_52.png, id=296, 777.90625pt x 377.41pt>
File: ../Screenshots/2023_02_28_02_08_52.png Graphic file (type png)
<use ../Screenshots/2023_02_28_02_08_52.png>
Package pdftex.def Info: ../Screenshots/2023_02_28_02_08_52.png  used on input 
line 188.
(pdftex.def)             Requested size: 233.37367pt x 113.22386pt.
<../Screenshots/2023_02_28_02_09_12.png, id=297, 840.13875pt x 399.4925pt>
File: ../Screenshots/2023_02_28_02_09_12.png Graphic file (type png)
<use ../Screenshots/2023_02_28_02_09_12.png>
Package pdftex.def Info: ../Screenshots/2023_02_28_02_09_12.png  used on input 
line 189.
(pdftex.def)             Requested size: 294.05296pt x 139.82446pt.
<../Screenshots/2023_02_28_02_10_51.png, id=298, 758.835pt x 234.8775pt>
File: ../Screenshots/2023_02_28_02_10_51.png Graphic file (type png)
<use ../Screenshots/2023_02_28_02_10_51.png>
Package pdftex.def Info: ../Screenshots/2023_02_28_02_10_51.png  used on input 
line 190.
(pdftex.def)             Requested size: 265.59624pt x 82.20834pt.
<../Screenshots/2023_02_28_02_11_11.png, id=299, 874.26625pt x 324.21124pt>
File: ../Screenshots/2023_02_28_02_11_11.png Graphic file (type png)
<use ../Screenshots/2023_02_28_02_11_11.png>
Package pdftex.def Info: ../Screenshots/2023_02_28_02_11_11.png  used on input 
line 191.
(pdftex.def)             Requested size: 262.28189pt x 97.26411pt.
<../Screenshots/2023_02_28_02_42_31.png, id=300, 910.40125pt x 440.64626pt>
File: ../Screenshots/2023_02_28_02_42_31.png Graphic file (type png)
<use ../Screenshots/2023_02_28_02_42_31.png>
Package pdftex.def Info: ../Screenshots/2023_02_28_02_42_31.png  used on input 
line 198.
(pdftex.def)             Requested size: 364.15404pt x 176.25537pt.
 [4 <../Screenshots/2023_02_28_02_08_52.png (PNG copy)> <../Screenshots/2023_02
_28_02_09_12.png (PNG copy)> <../Screenshots/2023_02_28_02_10_51.png (PNG copy)
> <../Screenshots/2023_02_28_02_11_11.png (PNG copy)> <../Screenshots/2023_02_2
8_02_42_31.png (PNG copy)>] [5]
<../Screenshots/2023_03_21_01_51_22.png, id=423, 888.31876pt x 365.365pt>
File: ../Screenshots/2023_03_21_01_51_22.png Graphic file (type png)
<use ../Screenshots/2023_03_21_01_51_22.png>
Package pdftex.def Info: ../Screenshots/2023_03_21_01_51_22.png  used on input 
line 437.
(pdftex.def)             Requested size: 355.32121pt x 146.1434pt.
 [6]
<../Screenshots/2023_03_21_02_11_12.png, id=493, 418.56375pt x 80.3pt>
File: ../Screenshots/2023_03_21_02_11_12.png Graphic file (type png)
<use ../Screenshots/2023_03_21_02_11_12.png>
Package pdftex.def Info: ../Screenshots/2023_03_21_02_11_12.png  used on input 
line 440.
(pdftex.def)             Requested size: 167.42252pt x 32.11942pt.
<../Screenshots/2023_03_21_02_11_17.png, id=494, 560.0925pt x 67.25125pt>
File: ../Screenshots/2023_03_21_02_11_17.png Graphic file (type png)
<use ../Screenshots/2023_03_21_02_11_17.png>
Package pdftex.def Info: ../Screenshots/2023_03_21_02_11_17.png  used on input 
line 441.
(pdftex.def)             Requested size: 224.03302pt x 26.90001pt.
<../Screenshots/2023_03_21_02_11_21.png, id=495, 101.37875pt x 128.48pt>
File: ../Screenshots/2023_03_21_02_11_21.png Graphic file (type png)
<use ../Screenshots/2023_03_21_02_11_21.png>
Package pdftex.def Info: ../Screenshots/2023_03_21_02_11_21.png  used on input 
line 442.
(pdftex.def)             Requested size: 40.55077pt x 51.39108pt.
<../Screenshots/2023_03_21_02_13_39.png, id=496, 798.985pt x 158.5925pt>
File: ../Screenshots/2023_03_21_02_13_39.png Graphic file (type png)
<use ../Screenshots/2023_03_21_02_13_39.png>
Package pdftex.def Info: ../Screenshots/2023_03_21_02_13_39.png  used on input 
line 443.
(pdftex.def)             Requested size: 319.58833pt x 63.43585pt.
<../Screenshots/2023_03_21_02_15_03.png, id=497, 523.9575pt x 201.75375pt>
File: ../Screenshots/2023_03_21_02_15_03.png Graphic file (type png)
<use ../Screenshots/2023_03_21_02_15_03.png>
Package pdftex.def Info: ../Screenshots/2023_03_21_02_15_03.png  used on input 
line 444.
(pdftex.def)             Requested size: 209.57928pt x 80.70006pt.
<../Screenshots/2023_03_21_02_16_22.png, id=498, 311.1625pt x 77.28876pt>
File: ../Screenshots/2023_03_21_02_16_22.png Graphic file (type png)
<use ../Screenshots/2023_03_21_02_16_22.png>
Package pdftex.def Info: ../Screenshots/2023_03_21_02_16_22.png  used on input 
line 445.
(pdftex.def)             Requested size: 124.46278pt x 30.91495pt.
<../Screenshots/2023_03_21_02_16_58.png, id=499, 785.93625pt x 193.72375pt>
File: ../Screenshots/2023_03_21_02_16_58.png Graphic file (type png)
<use ../Screenshots/2023_03_21_02_16_58.png>
Package pdftex.def Info: ../Screenshots/2023_03_21_02_16_58.png  used on input 
line 462.
(pdftex.def)             Requested size: 314.36893pt x 77.48811pt.
 [7 <../Screenshots/2023_03_21_01_51_22.png (PNG copy)> <../Screenshots/2023_03
_21_02_11_12.png (PNG copy)> <../Screenshots/2023_03_21_02_11_17.png (PNG copy)
> <../Screenshots/2023_03_21_02_11_21.png (PNG copy)> <../Screenshots/2023_03_2
1_02_13_39.png (PNG copy)> <../Screenshots/2023_03_21_02_15_03.png (PNG copy)> 
<../Screenshots/2023_03_21_02_16_22.png (PNG copy)> <../Screenshots/2023_03_21_
02_16_58.png (PNG copy)>] [8]
<../Screenshots/2023_03_21_03_06_31.png, id=622, 847.165pt x 210.7875pt>
File: ../Screenshots/2023_03_21_03_06_31.png Graphic file (type png)
<use ../Screenshots/2023_03_21_03_06_31.png>
Package pdftex.def Info: ../Screenshots/2023_03_21_03_06_31.png  used on input 
line 625.
(pdftex.def)             Requested size: 338.85999pt x 84.3135pt.
<../Screenshots/2023_03_21_03_06_47.png, id=623, 860.21375pt x 205.76875pt>
File: ../Screenshots/2023_03_21_03_06_47.png Graphic file (type png)
<use ../Screenshots/2023_03_21_03_06_47.png>
Package pdftex.def Info: ../Screenshots/2023_03_21_03_06_47.png  used on input 
line 626.
(pdftex.def)             Requested size: 344.07939pt x 82.30603pt.
<../Screenshots/2023_04_04_01_26_12.png, id=624, 275.0275pt x 246.9225pt>
File: ../Screenshots/2023_04_04_01_26_12.png Graphic file (type png)
<use ../Screenshots/2023_04_04_01_26_12.png>
Package pdftex.def Info: ../Screenshots/2023_04_04_01_26_12.png  used on input 
line 660.
(pdftex.def)             Requested size: 110.00905pt x 98.76724pt.
 [9 <../Screenshots/2023_03_21_03_06_31.png (PNG copy)> <../Screenshots/2023_03
_21_03_06_47.png (PNG copy)> <../Screenshots/2023_04_04_01_26_12.png (PNG copy)
>]
<../Screenshots/2023_04_04_01_28_58.png, id=671, 242.9075pt x 253.94875pt>
File: ../Screenshots/2023_04_04_01_28_58.png Graphic file (type png)
<use ../Screenshots/2023_04_04_01_28_58.png>
Package pdftex.def Info: ../Screenshots/2023_04_04_01_28_58.png  used on input 
line 687.
(pdftex.def)             Requested size: 97.16127pt x 101.5777pt.
<../Screenshots/2023_04_04_01_33_59.png, id=672, 334.24875pt x 205.76875pt>
File: ../Screenshots/2023_04_04_01_33_59.png Graphic file (type png)
<use ../Screenshots/2023_04_04_01_33_59.png>
Package pdftex.def Info: ../Screenshots/2023_04_04_01_33_59.png  used on input 
line 692.
(pdftex.def)             Requested size: 133.69713pt x 82.30603pt.
<../Screenshots/2023_04_04_01_34_08.png, id=673, 341.275pt x 434.62375pt>
File: ../Screenshots/2023_04_04_01_34_08.png Graphic file (type png)
<use ../Screenshots/2023_04_04_01_34_08.png>
Package pdftex.def Info: ../Screenshots/2023_04_04_01_34_08.png  used on input 
line 693.
(pdftex.def)             Requested size: 136.50757pt x 173.8464pt.
 [10 <../Screenshots/2023_04_04_01_28_58.png (PNG copy)> <../Screenshots/2023_0
4_04_01_33_59.png (PNG copy)> <../Screenshots/2023_04_04_01_34_08.png (PNG copy
)>] [11] [12] [13] [14]
<../Screenshots/2023_04_18_02_29_26.png, id=1001, 639.38875pt x 160.6pt>
File: ../Screenshots/2023_04_18_02_29_26.png Graphic file (type png)
<use ../Screenshots/2023_04_18_02_29_26.png>
Package pdftex.def Info: ../Screenshots/2023_04_18_02_29_26.png  used on input 
line 1161.
(pdftex.def)             Requested size: 255.75096pt x 64.23885pt.

[15 <../Screenshots/2023_04_18_02_29_26.png (PNG copy)>]
<../Screenshots/2023_04_25_01_21_21.png, id=1083, 823.075pt x 406.51875pt>
File: ../Screenshots/2023_04_25_01_21_21.png Graphic file (type png)
<use ../Screenshots/2023_04_25_01_21_21.png>
Package pdftex.def Info: ../Screenshots/2023_04_25_01_21_21.png  used on input 
line 1358.
(pdftex.def)             Requested size: 329.22417pt x 162.60461pt.
 [16]
<../Screenshots/2023_04_25_01_36_40.png, id=1156, 827.09pt x 275.0275pt>
File: ../Screenshots/2023_04_25_01_36_40.png Graphic file (type png)
<use ../Screenshots/2023_04_25_01_36_40.png>
Package pdftex.def Info: ../Screenshots/2023_04_25_01_36_40.png  used on input 
line 1420.
(pdftex.def)             Requested size: 330.83012pt x 110.00905pt.
 [17 <../Screenshots/2023_04_25_01_21_21.png (PNG copy)> <../Screenshots/2023_0
4_25_01_36_40.png (PNG copy)>]
<../Screenshots/2023_04_25_01_49_33.png, id=1203, 692.5875pt x 135.50626pt>
File: ../Screenshots/2023_04_25_01_49_33.png Graphic file (type png)
<use ../Screenshots/2023_04_25_01_49_33.png>
Package pdftex.def Info: ../Screenshots/2023_04_25_01_49_33.png  used on input 
line 1479.
(pdftex.def)             Requested size: 277.03009pt x 54.20152pt.
 [18 <../Screenshots/2023_04_25_01_49_33.png (PNG copy)>] [19]
[20]

pdfTeX warning: pdflatex (file ../cpp/cpp-typst.pdf): PDF inclusion: found PDF 
version <1.7>, but at most version <1.5> allowed
<../cpp/cpp-typst.pdf, id=1372, 597.50877pt x 845.04814pt>
File: ../cpp/cpp-typst.pdf Graphic file (type pdf)
<use ../cpp/cpp-typst.pdf>
Package pdftex.def Info: ../cpp/cpp-typst.pdf  used on input line 1746.
(pdftex.def)             Requested size: 597.50731pt x 845.04608pt.


pdfTeX warning: pdflatex (file ../cpp/cpp-typst.pdf): PDF inclusion: found PDF 
version <1.7>, but at most version <1.5> allowed
File: ../cpp/cpp-typst.pdf Graphic file (type pdf)
<use ../cpp/cpp-typst.pdf>
Package pdftex.def Info: ../cpp/cpp-typst.pdf  used on input line 1746.
(pdftex.def)             Requested size: 597.50731pt x 845.04608pt.


pdfTeX warning: pdflatex (file ../cpp/cpp-typst.pdf): PDF inclusion: found PDF 
version <1.7>, but at most version <1.5> allowed


pdfTeX warning: pdflatex (file ../cpp/cpp-typst.pdf): PDF inclusion: found PDF 
version <1.7>, but at most version <1.5> allowed
<../cpp/cpp-typst.pdf, id=1375, page=1, 597.50877pt x 845.04814pt>
File: ../cpp/cpp-typst.pdf Graphic file (type pdf)
<use ../cpp/cpp-typst.pdf, page 1>
Package pdftex.def Info: ../cpp/cpp-typst.pdf , page1 used on input line 1746.
(pdftex.def)             Requested size: 597.50731pt x 845.04608pt.
File: ../cpp/cpp-typst.pdf Graphic file (type pdf)
<use ../cpp/cpp-typst.pdf, page 1>
Package pdftex.def Info: ../cpp/cpp-typst.pdf , page1 used on input line 1746.
(pdftex.def)             Requested size: 597.50731pt x 845.04608pt.
[21]
File: ../cpp/cpp-typst.pdf Graphic file (type pdf)
<use ../cpp/cpp-typst.pdf, page 1>
Package pdftex.def Info: ../cpp/cpp-typst.pdf , page1 used on input line 1746.
(pdftex.def)             Requested size: 597.50731pt x 845.04608pt.
File: ../cpp/cpp-typst.pdf Graphic file (type pdf)
<use ../cpp/cpp-typst.pdf, page 1>
Package pdftex.def Info: ../cpp/cpp-typst.pdf , page1 used on input line 1746.
(pdftex.def)             Requested size: 597.50731pt x 845.04608pt.
File: ../cpp/cpp-typst.pdf Graphic file (type pdf)
<use ../cpp/cpp-typst.pdf, page 1>
Package pdftex.def Info: ../cpp/cpp-typst.pdf , page1 used on input line 1746.
(pdftex.def)             Requested size: 597.50731pt x 845.04608pt.
 [22 <../cpp/cpp-typst.pdf>]

pdfTeX warning: pdflatex (file ../cpp/cpp-typst.pdf): PDF inclusion: found PDF 
version <1.7>, but at most version <1.5> allowed
<../cpp/cpp-typst.pdf, id=1446, page=2, 597.50877pt x 845.04814pt>
File: ../cpp/cpp-typst.pdf Graphic file (type pdf)
<use ../cpp/cpp-typst.pdf, page 2>
Package pdftex.def Info: ../cpp/cpp-typst.pdf , page2 used on input line 1746.
(pdftex.def)             Requested size: 597.50731pt x 845.04608pt.
File: ../cpp/cpp-typst.pdf Graphic file (type pdf)
<use ../cpp/cpp-typst.pdf, page 2>
Package pdftex.def Info: ../cpp/cpp-typst.pdf , page2 used on input line 1746.
(pdftex.def)             Requested size: 597.50731pt x 845.04608pt.
File: ../cpp/cpp-typst.pdf Graphic file (type pdf)
<use ../cpp/cpp-typst.pdf, page 2>
Package pdftex.def Info: ../cpp/cpp-typst.pdf , page2 used on input line 1746.
(pdftex.def)             Requested size: 597.50731pt x 845.04608pt.
[23 <../cpp/cpp-typst.pdf>]

pdfTeX warning: pdflatex (file ../cpp/cpp-typst.pdf): PDF inclusion: found PDF 
version <1.7>, but at most version <1.5> allowed
<../cpp/cpp-typst.pdf, id=1451, page=3, 597.50877pt x 845.04814pt>
File: ../cpp/cpp-typst.pdf Graphic file (type pdf)
<use ../cpp/cpp-typst.pdf, page 3>
Package pdftex.def Info: ../cpp/cpp-typst.pdf , page3 used on input line 1746.
(pdftex.def)             Requested size: 597.50731pt x 845.04608pt.
File: ../cpp/cpp-typst.pdf Graphic file (type pdf)
<use ../cpp/cpp-typst.pdf, page 3>
Package pdftex.def Info: ../cpp/cpp-typst.pdf , page3 used on input line 1746.
(pdftex.def)             Requested size: 597.50731pt x 845.04608pt.
File: ../cpp/cpp-typst.pdf Graphic file (type pdf)
<use ../cpp/cpp-typst.pdf, page 3>
Package pdftex.def Info: ../cpp/cpp-typst.pdf , page3 used on input line 1746.
(pdftex.def)             Requested size: 597.50731pt x 845.04608pt.
[24 <../cpp/cpp-typst.pdf>]

pdfTeX warning: pdflatex (file ../cpp/cpp-typst.pdf): PDF inclusion: found PDF 
version <1.7>, but at most version <1.5> allowed
<../cpp/cpp-typst.pdf, id=1456, page=4, 597.50877pt x 845.04814pt>
File: ../cpp/cpp-typst.pdf Graphic file (type pdf)
<use ../cpp/cpp-typst.pdf, page 4>
Package pdftex.def Info: ../cpp/cpp-typst.pdf , page4 used on input line 1746.
(pdftex.def)             Requested size: 597.50731pt x 845.04608pt.
File: ../cpp/cpp-typst.pdf Graphic file (type pdf)
<use ../cpp/cpp-typst.pdf, page 4>
Package pdftex.def Info: ../cpp/cpp-typst.pdf , page4 used on input line 1746.
(pdftex.def)             Requested size: 597.50731pt x 845.04608pt.
File: ../cpp/cpp-typst.pdf Graphic file (type pdf)
<use ../cpp/cpp-typst.pdf, page 4>
Package pdftex.def Info: ../cpp/cpp-typst.pdf , page4 used on input line 1746.
(pdftex.def)             Requested size: 597.50731pt x 845.04608pt.
[25 <../cpp/cpp-typst.pdf>]

pdfTeX warning: pdflatex (file ../cpp/cpp-typst.pdf): PDF inclusion: found PDF 
version <1.7>, but at most version <1.5> allowed
<../cpp/cpp-typst.pdf, id=1462, page=5, 597.50877pt x 845.04814pt>
File: ../cpp/cpp-typst.pdf Graphic file (type pdf)
<use ../cpp/cpp-typst.pdf, page 5>
Package pdftex.def Info: ../cpp/cpp-typst.pdf , page5 used on input line 1746.
(pdftex.def)             Requested size: 597.50731pt x 845.04608pt.
File: ../cpp/cpp-typst.pdf Graphic file (type pdf)
<use ../cpp/cpp-typst.pdf, page 5>
Package pdftex.def Info: ../cpp/cpp-typst.pdf , page5 used on input line 1746.
(pdftex.def)             Requested size: 597.50731pt x 845.04608pt.
File: ../cpp/cpp-typst.pdf Graphic file (type pdf)
<use ../cpp/cpp-typst.pdf, page 5>
Package pdftex.def Info: ../cpp/cpp-typst.pdf , page5 used on input line 1746.
(pdftex.def)             Requested size: 597.50731pt x 845.04608pt.
[26 <../cpp/cpp-typst.pdf>]

pdfTeX warning: pdflatex (file ../cpp/cpp-typst.pdf): PDF inclusion: found PDF 
version <1.7>, but at most version <1.5> allowed
<../cpp/cpp-typst.pdf, id=1467, page=6, 597.50877pt x 845.04814pt>
File: ../cpp/cpp-typst.pdf Graphic file (type pdf)
<use ../cpp/cpp-typst.pdf, page 6>
Package pdftex.def Info: ../cpp/cpp-typst.pdf , page6 used on input line 1746.
(pdftex.def)             Requested size: 597.50731pt x 845.04608pt.
File: ../cpp/cpp-typst.pdf Graphic file (type pdf)
<use ../cpp/cpp-typst.pdf, page 6>
Package pdftex.def Info: ../cpp/cpp-typst.pdf , page6 used on input line 1746.
(pdftex.def)             Requested size: 597.50731pt x 845.04608pt.
File: ../cpp/cpp-typst.pdf Graphic file (type pdf)
<use ../cpp/cpp-typst.pdf, page 6>
Package pdftex.def Info: ../cpp/cpp-typst.pdf , page6 used on input line 1746.
(pdftex.def)             Requested size: 597.50731pt x 845.04608pt.
[27 <../cpp/cpp-typst.pdf>]

pdfTeX warning: pdflatex (file ../cpp/cpp-typst.pdf): PDF inclusion: found PDF 
version <1.7>, but at most version <1.5> allowed
<../cpp/cpp-typst.pdf, id=1472, page=7, 597.50877pt x 845.04814pt>
File: ../cpp/cpp-typst.pdf Graphic file (type pdf)
<use ../cpp/cpp-typst.pdf, page 7>
Package pdftex.def Info: ../cpp/cpp-typst.pdf , page7 used on input line 1746.
(pdftex.def)             Requested size: 597.50731pt x 845.04608pt.
File: ../cpp/cpp-typst.pdf Graphic file (type pdf)
<use ../cpp/cpp-typst.pdf, page 7>
Package pdftex.def Info: ../cpp/cpp-typst.pdf , page7 used on input line 1746.
(pdftex.def)             Requested size: 597.50731pt x 845.04608pt.
File: ../cpp/cpp-typst.pdf Graphic file (type pdf)
<use ../cpp/cpp-typst.pdf, page 7>
Package pdftex.def Info: ../cpp/cpp-typst.pdf , page7 used on input line 1746.
(pdftex.def)             Requested size: 597.50731pt x 845.04608pt.
[28 <../cpp/cpp-typst.pdf>]

pdfTeX warning: pdflatex (file ../cpp/cpp-typst.pdf): PDF inclusion: found PDF 
version <1.7>, but at most version <1.5> allowed
<../cpp/cpp-typst.pdf, id=1477, page=8, 597.50877pt x 845.04814pt>
File: ../cpp/cpp-typst.pdf Graphic file (type pdf)
<use ../cpp/cpp-typst.pdf, page 8>
Package pdftex.def Info: ../cpp/cpp-typst.pdf , page8 used on input line 1746.
(pdftex.def)             Requested size: 597.50731pt x 845.04608pt.
File: ../cpp/cpp-typst.pdf Graphic file (type pdf)
<use ../cpp/cpp-typst.pdf, page 8>
Package pdftex.def Info: ../cpp/cpp-typst.pdf , page8 used on input line 1746.
(pdftex.def)             Requested size: 597.50731pt x 845.04608pt.
File: ../cpp/cpp-typst.pdf Graphic file (type pdf)
<use ../cpp/cpp-typst.pdf, page 8>
Package pdftex.def Info: ../cpp/cpp-typst.pdf , page8 used on input line 1746.
(pdftex.def)             Requested size: 597.50731pt x 845.04608pt.
[29 <../cpp/cpp-typst.pdf>]

pdfTeX warning: pdflatex (file ../cpp/cpp-typst.pdf): PDF inclusion: found PDF 
version <1.7>, but at most version <1.5> allowed
<../cpp/cpp-typst.pdf, id=1482, page=9, 597.50877pt x 845.04814pt>
File: ../cpp/cpp-typst.pdf Graphic file (type pdf)
<use ../cpp/cpp-typst.pdf, page 9>
Package pdftex.def Info: ../cpp/cpp-typst.pdf , page9 used on input line 1746.
(pdftex.def)             Requested size: 597.50731pt x 845.04608pt.
File: ../cpp/cpp-typst.pdf Graphic file (type pdf)
<use ../cpp/cpp-typst.pdf, page 9>
Package pdftex.def Info: ../cpp/cpp-typst.pdf , page9 used on input line 1746.
(pdftex.def)             Requested size: 597.50731pt x 845.04608pt.
File: ../cpp/cpp-typst.pdf Graphic file (type pdf)
<use ../cpp/cpp-typst.pdf, page 9>
Package pdftex.def Info: ../cpp/cpp-typst.pdf , page9 used on input line 1746.
(pdftex.def)             Requested size: 597.50731pt x 845.04608pt.
[30 <../cpp/cpp-typst.pdf>]

pdfTeX warning: pdflatex (file ../cpp/cpp-typst.pdf): PDF inclusion: found PDF 
version <1.7>, but at most version <1.5> allowed
<../cpp/cpp-typst.pdf, id=1487, page=10, 597.50877pt x 845.04814pt>
File: ../cpp/cpp-typst.pdf Graphic file (type pdf)
<use ../cpp/cpp-typst.pdf, page 10>
Package pdftex.def Info: ../cpp/cpp-typst.pdf , page10 used on input line 1746.

(pdftex.def)             Requested size: 597.50731pt x 845.04608pt.
File: ../cpp/cpp-typst.pdf Graphic file (type pdf)
<use ../cpp/cpp-typst.pdf, page 10>
Package pdftex.def Info: ../cpp/cpp-typst.pdf , page10 used on input line 1746.

(pdftex.def)             Requested size: 597.50731pt x 845.04608pt.
File: ../cpp/cpp-typst.pdf Graphic file (type pdf)
<use ../cpp/cpp-typst.pdf, page 10>
Package pdftex.def Info: ../cpp/cpp-typst.pdf , page10 used on input line 1746.

(pdftex.def)             Requested size: 597.50731pt x 845.04608pt.
[31 <../cpp/cpp-typst.pdf>]

pdfTeX warning: pdflatex (file ../cpp/cpp-typst.pdf): PDF inclusion: found PDF 
version <1.7>, but at most version <1.5> allowed
<../cpp/cpp-typst.pdf, id=1493, page=11, 597.50877pt x 845.04814pt>
File: ../cpp/cpp-typst.pdf Graphic file (type pdf)
<use ../cpp/cpp-typst.pdf, page 11>
Package pdftex.def Info: ../cpp/cpp-typst.pdf , page11 used on input line 1746.

(pdftex.def)             Requested size: 597.50731pt x 845.04608pt.
File: ../cpp/cpp-typst.pdf Graphic file (type pdf)
<use ../cpp/cpp-typst.pdf, page 11>
Package pdftex.def Info: ../cpp/cpp-typst.pdf , page11 used on input line 1746.

(pdftex.def)             Requested size: 597.50731pt x 845.04608pt.
File: ../cpp/cpp-typst.pdf Graphic file (type pdf)
<use ../cpp/cpp-typst.pdf, page 11>
Package pdftex.def Info: ../cpp/cpp-typst.pdf , page11 used on input line 1746.

(pdftex.def)             Requested size: 597.50731pt x 845.04608pt.
[32 <../cpp/cpp-typst.pdf>]

pdfTeX warning: pdflatex (file ../cpp/cpp-typst.pdf): PDF inclusion: found PDF 
version <1.7>, but at most version <1.5> allowed
<../cpp/cpp-typst.pdf, id=1498, page=12, 597.50877pt x 845.04814pt>
File: ../cpp/cpp-typst.pdf Graphic file (type pdf)
<use ../cpp/cpp-typst.pdf, page 12>
Package pdftex.def Info: ../cpp/cpp-typst.pdf , page12 used on input line 1746.

(pdftex.def)             Requested size: 597.50731pt x 845.04608pt.
File: ../cpp/cpp-typst.pdf Graphic file (type pdf)
<use ../cpp/cpp-typst.pdf, page 12>
Package pdftex.def Info: ../cpp/cpp-typst.pdf , page12 used on input line 1746.

(pdftex.def)             Requested size: 597.50731pt x 845.04608pt.
File: ../cpp/cpp-typst.pdf Graphic file (type pdf)
<use ../cpp/cpp-typst.pdf, page 12>
Package pdftex.def Info: ../cpp/cpp-typst.pdf , page12 used on input line 1746.

(pdftex.def)             Requested size: 597.50731pt x 845.04608pt.
[33 <../cpp/cpp-typst.pdf>]

pdfTeX warning: pdflatex (file ../cpp/cpp-typst.pdf): PDF inclusion: found PDF 
version <1.7>, but at most version <1.5> allowed
<../cpp/cpp-typst.pdf, id=1503, page=13, 597.50877pt x 845.04814pt>
File: ../cpp/cpp-typst.pdf Graphic file (type pdf)
<use ../cpp/cpp-typst.pdf, page 13>
Package pdftex.def Info: ../cpp/cpp-typst.pdf , page13 used on input line 1746.

(pdftex.def)             Requested size: 597.50731pt x 845.04608pt.
File: ../cpp/cpp-typst.pdf Graphic file (type pdf)
<use ../cpp/cpp-typst.pdf, page 13>
Package pdftex.def Info: ../cpp/cpp-typst.pdf , page13 used on input line 1746.

(pdftex.def)             Requested size: 597.50731pt x 845.04608pt.
File: ../cpp/cpp-typst.pdf Graphic file (type pdf)
<use ../cpp/cpp-typst.pdf, page 13>
Package pdftex.def Info: ../cpp/cpp-typst.pdf , page13 used on input line 1746.

(pdftex.def)             Requested size: 597.50731pt x 845.04608pt.
[34 <../cpp/cpp-typst.pdf>]

pdfTeX warning: pdflatex (file ../cpp/cpp-typst.pdf): PDF inclusion: found PDF 
version <1.7>, but at most version <1.5> allowed
<../cpp/cpp-typst.pdf, id=1508, page=14, 597.50877pt x 845.04814pt>
File: ../cpp/cpp-typst.pdf Graphic file (type pdf)
<use ../cpp/cpp-typst.pdf, page 14>
Package pdftex.def Info: ../cpp/cpp-typst.pdf , page14 used on input line 1746.

(pdftex.def)             Requested size: 597.50731pt x 845.04608pt.
File: ../cpp/cpp-typst.pdf Graphic file (type pdf)
<use ../cpp/cpp-typst.pdf, page 14>
Package pdftex.def Info: ../cpp/cpp-typst.pdf , page14 used on input line 1746.

(pdftex.def)             Requested size: 597.50731pt x 845.04608pt.
File: ../cpp/cpp-typst.pdf Graphic file (type pdf)
<use ../cpp/cpp-typst.pdf, page 14>
Package pdftex.def Info: ../cpp/cpp-typst.pdf , page14 used on input line 1746.

(pdftex.def)             Requested size: 597.50731pt x 845.04608pt.
[35 <../cpp/cpp-typst.pdf>]

pdfTeX warning: pdflatex (file ../cpp/cpp-typst.pdf): PDF inclusion: found PDF 
version <1.7>, but at most version <1.5> allowed
<../cpp/cpp-typst.pdf, id=1513, page=15, 597.50877pt x 845.04814pt>
File: ../cpp/cpp-typst.pdf Graphic file (type pdf)
<use ../cpp/cpp-typst.pdf, page 15>
Package pdftex.def Info: ../cpp/cpp-typst.pdf , page15 used on input line 1746.

(pdftex.def)             Requested size: 597.50731pt x 845.04608pt.
File: ../cpp/cpp-typst.pdf Graphic file (type pdf)
<use ../cpp/cpp-typst.pdf, page 15>
Package pdftex.def Info: ../cpp/cpp-typst.pdf , page15 used on input line 1746.

(pdftex.def)             Requested size: 597.50731pt x 845.04608pt.
File: ../cpp/cpp-typst.pdf Graphic file (type pdf)
<use ../cpp/cpp-typst.pdf, page 15>
Package pdftex.def Info: ../cpp/cpp-typst.pdf , page15 used on input line 1746.

(pdftex.def)             Requested size: 597.50731pt x 845.04608pt.
[36 <../cpp/cpp-typst.pdf>]

pdfTeX warning: pdflatex (file ../cpp/cpp-typst.pdf): PDF inclusion: found PDF 
version <1.7>, but at most version <1.5> allowed
<../cpp/cpp-typst.pdf, id=1518, page=16, 597.50877pt x 845.04814pt>
File: ../cpp/cpp-typst.pdf Graphic file (type pdf)
<use ../cpp/cpp-typst.pdf, page 16>
Package pdftex.def Info: ../cpp/cpp-typst.pdf , page16 used on input line 1746.

(pdftex.def)             Requested size: 597.50731pt x 845.04608pt.
File: ../cpp/cpp-typst.pdf Graphic file (type pdf)
<use ../cpp/cpp-typst.pdf, page 16>
Package pdftex.def Info: ../cpp/cpp-typst.pdf , page16 used on input line 1746.

(pdftex.def)             Requested size: 597.50731pt x 845.04608pt.
File: ../cpp/cpp-typst.pdf Graphic file (type pdf)
<use ../cpp/cpp-typst.pdf, page 16>
Package pdftex.def Info: ../cpp/cpp-typst.pdf , page16 used on input line 1746.

(pdftex.def)             Requested size: 597.50731pt x 845.04608pt.
[37 <../cpp/cpp-typst.pdf>]

pdfTeX warning: pdflatex (file ../cpp/cpp-typst.pdf): PDF inclusion: found PDF 
version <1.7>, but at most version <1.5> allowed
<../cpp/cpp-typst.pdf, id=1524, page=17, 597.50877pt x 845.04814pt>
File: ../cpp/cpp-typst.pdf Graphic file (type pdf)
<use ../cpp/cpp-typst.pdf, page 17>
Package pdftex.def Info: ../cpp/cpp-typst.pdf , page17 used on input line 1746.

(pdftex.def)             Requested size: 597.50731pt x 845.04608pt.
File: ../cpp/cpp-typst.pdf Graphic file (type pdf)
<use ../cpp/cpp-typst.pdf, page 17>
Package pdftex.def Info: ../cpp/cpp-typst.pdf , page17 used on input line 1746.

(pdftex.def)             Requested size: 597.50731pt x 845.04608pt.
File: ../cpp/cpp-typst.pdf Graphic file (type pdf)
<use ../cpp/cpp-typst.pdf, page 17>
Package pdftex.def Info: ../cpp/cpp-typst.pdf , page17 used on input line 1746.

(pdftex.def)             Requested size: 597.50731pt x 845.04608pt.
[38 <../cpp/cpp-typst.pdf>]

pdfTeX warning: pdflatex (file ../cpp/cpp-typst.pdf): PDF inclusion: found PDF 
version <1.7>, but at most version <1.5> allowed
<../cpp/cpp-typst.pdf, id=1529, page=18, 597.50877pt x 845.04814pt>
File: ../cpp/cpp-typst.pdf Graphic file (type pdf)
<use ../cpp/cpp-typst.pdf, page 18>
Package pdftex.def Info: ../cpp/cpp-typst.pdf , page18 used on input line 1746.

(pdftex.def)             Requested size: 597.50731pt x 845.04608pt.
File: ../cpp/cpp-typst.pdf Graphic file (type pdf)
<use ../cpp/cpp-typst.pdf, page 18>
Package pdftex.def Info: ../cpp/cpp-typst.pdf , page18 used on input line 1746.

(pdftex.def)             Requested size: 597.50731pt x 845.04608pt.
File: ../cpp/cpp-typst.pdf Graphic file (type pdf)
<use ../cpp/cpp-typst.pdf, page 18>
Package pdftex.def Info: ../cpp/cpp-typst.pdf , page18 used on input line 1746.

(pdftex.def)             Requested size: 597.50731pt x 845.04608pt.
[39 <../cpp/cpp-typst.pdf>]

pdfTeX warning: pdflatex (file ../cpp/cpp-typst.pdf): PDF inclusion: found PDF 
version <1.7>, but at most version <1.5> allowed
<../cpp/cpp-typst.pdf, id=1534, page=19, 597.50877pt x 845.04814pt>
File: ../cpp/cpp-typst.pdf Graphic file (type pdf)
<use ../cpp/cpp-typst.pdf, page 19>
Package pdftex.def Info: ../cpp/cpp-typst.pdf , page19 used on input line 1746.

(pdftex.def)             Requested size: 597.50731pt x 845.04608pt.
File: ../cpp/cpp-typst.pdf Graphic file (type pdf)
<use ../cpp/cpp-typst.pdf, page 19>
Package pdftex.def Info: ../cpp/cpp-typst.pdf , page19 used on input line 1746.

(pdftex.def)             Requested size: 597.50731pt x 845.04608pt.
File: ../cpp/cpp-typst.pdf Graphic file (type pdf)
<use ../cpp/cpp-typst.pdf, page 19>
Package pdftex.def Info: ../cpp/cpp-typst.pdf , page19 used on input line 1746.

(pdftex.def)             Requested size: 597.50731pt x 845.04608pt.
[40 <../cpp/cpp-typst.pdf>]

pdfTeX warning: pdflatex (file ../cpp/cpp-typst.pdf): PDF inclusion: found PDF 
version <1.7>, but at most version <1.5> allowed
<../cpp/cpp-typst.pdf, id=1539, page=20, 597.50877pt x 845.04814pt>
File: ../cpp/cpp-typst.pdf Graphic file (type pdf)
<use ../cpp/cpp-typst.pdf, page 20>
Package pdftex.def Info: ../cpp/cpp-typst.pdf , page20 used on input line 1746.

(pdftex.def)             Requested size: 597.50731pt x 845.04608pt.
File: ../cpp/cpp-typst.pdf Graphic file (type pdf)
<use ../cpp/cpp-typst.pdf, page 20>
Package pdftex.def Info: ../cpp/cpp-typst.pdf , page20 used on input line 1746.

(pdftex.def)             Requested size: 597.50731pt x 845.04608pt.
File: ../cpp/cpp-typst.pdf Graphic file (type pdf)
<use ../cpp/cpp-typst.pdf, page 20>
Package pdftex.def Info: ../cpp/cpp-typst.pdf , page20 used on input line 1746.

(pdftex.def)             Requested size: 597.50731pt x 845.04608pt.
[41 <../cpp/cpp-typst.pdf>]

pdfTeX warning: pdflatex (file ../cpp/cpp-typst.pdf): PDF inclusion: found PDF 
version <1.7>, but at most version <1.5> allowed
<../cpp/cpp-typst.pdf, id=1544, page=21, 597.50877pt x 845.04814pt>
File: ../cpp/cpp-typst.pdf Graphic file (type pdf)
<use ../cpp/cpp-typst.pdf, page 21>
Package pdftex.def Info: ../cpp/cpp-typst.pdf , page21 used on input line 1746.

(pdftex.def)             Requested size: 597.50731pt x 845.04608pt.
File: ../cpp/cpp-typst.pdf Graphic file (type pdf)
<use ../cpp/cpp-typst.pdf, page 21>
Package pdftex.def Info: ../cpp/cpp-typst.pdf , page21 used on input line 1746.

(pdftex.def)             Requested size: 597.50731pt x 845.04608pt.
File: ../cpp/cpp-typst.pdf Graphic file (type pdf)
<use ../cpp/cpp-typst.pdf, page 21>
Package pdftex.def Info: ../cpp/cpp-typst.pdf , page21 used on input line 1746.

(pdftex.def)             Requested size: 597.50731pt x 845.04608pt.
[42 <../cpp/cpp-typst.pdf>]

pdfTeX warning: pdflatex (file ../cpp/cpp-typst.pdf): PDF inclusion: found PDF 
version <1.7>, but at most version <1.5> allowed
<../cpp/cpp-typst.pdf, id=1549, page=22, 597.50877pt x 845.04814pt>
File: ../cpp/cpp-typst.pdf Graphic file (type pdf)
<use ../cpp/cpp-typst.pdf, page 22>
Package pdftex.def Info: ../cpp/cpp-typst.pdf , page22 used on input line 1746.

(pdftex.def)             Requested size: 597.50731pt x 845.04608pt.
File: ../cpp/cpp-typst.pdf Graphic file (type pdf)
<use ../cpp/cpp-typst.pdf, page 22>
Package pdftex.def Info: ../cpp/cpp-typst.pdf , page22 used on input line 1746.

(pdftex.def)             Requested size: 597.50731pt x 845.04608pt.
File: ../cpp/cpp-typst.pdf Graphic file (type pdf)
<use ../cpp/cpp-typst.pdf, page 22>
Package pdftex.def Info: ../cpp/cpp-typst.pdf , page22 used on input line 1746.

(pdftex.def)             Requested size: 597.50731pt x 845.04608pt.
[43 <../cpp/cpp-typst.pdf>]

pdfTeX warning: pdflatex (file ../cpp/cpp-typst.pdf): PDF inclusion: found PDF 
version <1.7>, but at most version <1.5> allowed
<../cpp/cpp-typst.pdf, id=1555, page=23, 597.50877pt x 845.04814pt>
File: ../cpp/cpp-typst.pdf Graphic file (type pdf)
<use ../cpp/cpp-typst.pdf, page 23>
Package pdftex.def Info: ../cpp/cpp-typst.pdf , page23 used on input line 1746.

(pdftex.def)             Requested size: 597.50731pt x 845.04608pt.
File: ../cpp/cpp-typst.pdf Graphic file (type pdf)
<use ../cpp/cpp-typst.pdf, page 23>
Package pdftex.def Info: ../cpp/cpp-typst.pdf , page23 used on input line 1746.

(pdftex.def)             Requested size: 597.50731pt x 845.04608pt.
File: ../cpp/cpp-typst.pdf Graphic file (type pdf)
<use ../cpp/cpp-typst.pdf, page 23>
Package pdftex.def Info: ../cpp/cpp-typst.pdf , page23 used on input line 1746.

(pdftex.def)             Requested size: 597.50731pt x 845.04608pt.
[44 <../cpp/cpp-typst.pdf>]

pdfTeX warning: pdflatex (file ../cpp/cpp-typst.pdf): PDF inclusion: found PDF 
version <1.7>, but at most version <1.5> allowed
<../cpp/cpp-typst.pdf, id=1561, page=24, 597.50877pt x 845.04814pt>
File: ../cpp/cpp-typst.pdf Graphic file (type pdf)
<use ../cpp/cpp-typst.pdf, page 24>
Package pdftex.def Info: ../cpp/cpp-typst.pdf , page24 used on input line 1746.

(pdftex.def)             Requested size: 597.50731pt x 845.04608pt.
File: ../cpp/cpp-typst.pdf Graphic file (type pdf)
<use ../cpp/cpp-typst.pdf, page 24>
Package pdftex.def Info: ../cpp/cpp-typst.pdf , page24 used on input line 1746.

(pdftex.def)             Requested size: 597.50731pt x 845.04608pt.
File: ../cpp/cpp-typst.pdf Graphic file (type pdf)
<use ../cpp/cpp-typst.pdf, page 24>
Package pdftex.def Info: ../cpp/cpp-typst.pdf , page24 used on input line 1746.

(pdftex.def)             Requested size: 597.50731pt x 845.04608pt.
[45 <../cpp/cpp-typst.pdf>]

pdfTeX warning: pdflatex (file ../cpp/cpp-typst.pdf): PDF inclusion: found PDF 
version <1.7>, but at most version <1.5> allowed
<../cpp/cpp-typst.pdf, id=1566, page=25, 597.50877pt x 845.04814pt>
File: ../cpp/cpp-typst.pdf Graphic file (type pdf)
<use ../cpp/cpp-typst.pdf, page 25>
Package pdftex.def Info: ../cpp/cpp-typst.pdf , page25 used on input line 1746.

(pdftex.def)             Requested size: 597.50731pt x 845.04608pt.
File: ../cpp/cpp-typst.pdf Graphic file (type pdf)
<use ../cpp/cpp-typst.pdf, page 25>
Package pdftex.def Info: ../cpp/cpp-typst.pdf , page25 used on input line 1746.

(pdftex.def)             Requested size: 597.50731pt x 845.04608pt.
File: ../cpp/cpp-typst.pdf Graphic file (type pdf)
<use ../cpp/cpp-typst.pdf, page 25>
Package pdftex.def Info: ../cpp/cpp-typst.pdf , page25 used on input line 1746.

(pdftex.def)             Requested size: 597.50731pt x 845.04608pt.
[46 <../cpp/cpp-typst.pdf>]

pdfTeX warning: pdflatex (file ../cpp/cpp-typst.pdf): PDF inclusion: found PDF 
version <1.7>, but at most version <1.5> allowed
<../cpp/cpp-typst.pdf, id=1571, page=26, 597.50877pt x 845.04814pt>
File: ../cpp/cpp-typst.pdf Graphic file (type pdf)
<use ../cpp/cpp-typst.pdf, page 26>
Package pdftex.def Info: ../cpp/cpp-typst.pdf , page26 used on input line 1746.

(pdftex.def)             Requested size: 597.50731pt x 845.04608pt.
File: ../cpp/cpp-typst.pdf Graphic file (type pdf)
<use ../cpp/cpp-typst.pdf, page 26>
Package pdftex.def Info: ../cpp/cpp-typst.pdf , page26 used on input line 1746.

(pdftex.def)             Requested size: 597.50731pt x 845.04608pt.
File: ../cpp/cpp-typst.pdf Graphic file (type pdf)
<use ../cpp/cpp-typst.pdf, page 26>
Package pdftex.def Info: ../cpp/cpp-typst.pdf , page26 used on input line 1746.

(pdftex.def)             Requested size: 597.50731pt x 845.04608pt.
[47 <../cpp/cpp-typst.pdf>]

pdfTeX warning: pdflatex (file ../cpp/cpp-typst.pdf): PDF inclusion: found PDF 
version <1.7>, but at most version <1.5> allowed
<../cpp/cpp-typst.pdf, id=1576, page=27, 597.50877pt x 845.04814pt>
File: ../cpp/cpp-typst.pdf Graphic file (type pdf)
<use ../cpp/cpp-typst.pdf, page 27>
Package pdftex.def Info: ../cpp/cpp-typst.pdf , page27 used on input line 1746.

(pdftex.def)             Requested size: 597.50731pt x 845.04608pt.
File: ../cpp/cpp-typst.pdf Graphic file (type pdf)
<use ../cpp/cpp-typst.pdf, page 27>
Package pdftex.def Info: ../cpp/cpp-typst.pdf , page27 used on input line 1746.

(pdftex.def)             Requested size: 597.50731pt x 845.04608pt.
File: ../cpp/cpp-typst.pdf Graphic file (type pdf)
<use ../cpp/cpp-typst.pdf, page 27>
Package pdftex.def Info: ../cpp/cpp-typst.pdf , page27 used on input line 1746.

(pdftex.def)             Requested size: 597.50731pt x 845.04608pt.
[48 <../cpp/cpp-typst.pdf>]

pdfTeX warning: pdflatex (file ../cpp/cpp-typst.pdf): PDF inclusion: found PDF 
version <1.7>, but at most version <1.5> allowed
<../cpp/cpp-typst.pdf, id=1581, page=28, 597.50877pt x 845.04814pt>
File: ../cpp/cpp-typst.pdf Graphic file (type pdf)
<use ../cpp/cpp-typst.pdf, page 28>
Package pdftex.def Info: ../cpp/cpp-typst.pdf , page28 used on input line 1746.

(pdftex.def)             Requested size: 597.50731pt x 845.04608pt.
File: ../cpp/cpp-typst.pdf Graphic file (type pdf)
<use ../cpp/cpp-typst.pdf, page 28>
Package pdftex.def Info: ../cpp/cpp-typst.pdf , page28 used on input line 1746.

(pdftex.def)             Requested size: 597.50731pt x 845.04608pt.
File: ../cpp/cpp-typst.pdf Graphic file (type pdf)
<use ../cpp/cpp-typst.pdf, page 28>
Package pdftex.def Info: ../cpp/cpp-typst.pdf , page28 used on input line 1746.

(pdftex.def)             Requested size: 597.50731pt x 845.04608pt.
[49 <../cpp/cpp-typst.pdf>]

pdfTeX warning: pdflatex (file ../cpp/cpp-typst.pdf): PDF inclusion: found PDF 
version <1.7>, but at most version <1.5> allowed
<../cpp/cpp-typst.pdf, id=1587, page=29, 597.50877pt x 845.04814pt>
File: ../cpp/cpp-typst.pdf Graphic file (type pdf)
<use ../cpp/cpp-typst.pdf, page 29>
Package pdftex.def Info: ../cpp/cpp-typst.pdf , page29 used on input line 1746.

(pdftex.def)             Requested size: 597.50731pt x 845.04608pt.
File: ../cpp/cpp-typst.pdf Graphic file (type pdf)
<use ../cpp/cpp-typst.pdf, page 29>
Package pdftex.def Info: ../cpp/cpp-typst.pdf , page29 used on input line 1746.

(pdftex.def)             Requested size: 597.50731pt x 845.04608pt.
File: ../cpp/cpp-typst.pdf Graphic file (type pdf)
<use ../cpp/cpp-typst.pdf, page 29>
Package pdftex.def Info: ../cpp/cpp-typst.pdf , page29 used on input line 1746.

(pdftex.def)             Requested size: 597.50731pt x 845.04608pt.
[50 <../cpp/cpp-typst.pdf>]

pdfTeX warning: pdflatex (file ../cpp/cpp-typst.pdf): PDF inclusion: found PDF 
version <1.7>, but at most version <1.5> allowed
<../cpp/cpp-typst.pdf, id=1592, page=30, 597.50877pt x 845.04814pt>
File: ../cpp/cpp-typst.pdf Graphic file (type pdf)
<use ../cpp/cpp-typst.pdf, page 30>
Package pdftex.def Info: ../cpp/cpp-typst.pdf , page30 used on input line 1746.

(pdftex.def)             Requested size: 597.50731pt x 845.04608pt.
File: ../cpp/cpp-typst.pdf Graphic file (type pdf)
<use ../cpp/cpp-typst.pdf, page 30>
Package pdftex.def Info: ../cpp/cpp-typst.pdf , page30 used on input line 1746.

(pdftex.def)             Requested size: 597.50731pt x 845.04608pt.
File: ../cpp/cpp-typst.pdf Graphic file (type pdf)
<use ../cpp/cpp-typst.pdf, page 30>
Package pdftex.def Info: ../cpp/cpp-typst.pdf , page30 used on input line 1746.

(pdftex.def)             Requested size: 597.50731pt x 845.04608pt.
[51 <../cpp/cpp-typst.pdf>]

pdfTeX warning: pdflatex (file ../cpp/cpp-typst.pdf): PDF inclusion: found PDF 
version <1.7>, but at most version <1.5> allowed
<../cpp/cpp-typst.pdf, id=1597, page=31, 597.50877pt x 845.04814pt>
File: ../cpp/cpp-typst.pdf Graphic file (type pdf)
<use ../cpp/cpp-typst.pdf, page 31>
Package pdftex.def Info: ../cpp/cpp-typst.pdf , page31 used on input line 1746.

(pdftex.def)             Requested size: 597.50731pt x 845.04608pt.
File: ../cpp/cpp-typst.pdf Graphic file (type pdf)
<use ../cpp/cpp-typst.pdf, page 31>
Package pdftex.def Info: ../cpp/cpp-typst.pdf , page31 used on input line 1746.

(pdftex.def)             Requested size: 597.50731pt x 845.04608pt.
File: ../cpp/cpp-typst.pdf Graphic file (type pdf)
<use ../cpp/cpp-typst.pdf, page 31>
Package pdftex.def Info: ../cpp/cpp-typst.pdf , page31 used on input line 1746.

(pdftex.def)             Requested size: 597.50731pt x 845.04608pt.
[52 <../cpp/cpp-typst.pdf>]

pdfTeX warning: pdflatex (file ../cpp/cpp-typst.pdf): PDF inclusion: found PDF 
version <1.7>, but at most version <1.5> allowed
<../cpp/cpp-typst.pdf, id=1602, page=32, 597.50877pt x 845.04814pt>
File: ../cpp/cpp-typst.pdf Graphic file (type pdf)
<use ../cpp/cpp-typst.pdf, page 32>
Package pdftex.def Info: ../cpp/cpp-typst.pdf , page32 used on input line 1746.

(pdftex.def)             Requested size: 597.50731pt x 845.04608pt.
File: ../cpp/cpp-typst.pdf Graphic file (type pdf)
<use ../cpp/cpp-typst.pdf, page 32>
Package pdftex.def Info: ../cpp/cpp-typst.pdf , page32 used on input line 1746.

(pdftex.def)             Requested size: 597.50731pt x 845.04608pt.
File: ../cpp/cpp-typst.pdf Graphic file (type pdf)
<use ../cpp/cpp-typst.pdf, page 32>
Package pdftex.def Info: ../cpp/cpp-typst.pdf , page32 used on input line 1746.

(pdftex.def)             Requested size: 597.50731pt x 845.04608pt.
[53 <../cpp/cpp-typst.pdf>]

pdfTeX warning: pdflatex (file ../cpp/cpp-typst.pdf): PDF inclusion: found PDF 
version <1.7>, but at most version <1.5> allowed
<../cpp/cpp-typst.pdf, id=1607, page=33, 597.50877pt x 845.04814pt>
File: ../cpp/cpp-typst.pdf Graphic file (type pdf)
<use ../cpp/cpp-typst.pdf, page 33>
Package pdftex.def Info: ../cpp/cpp-typst.pdf , page33 used on input line 1746.

(pdftex.def)             Requested size: 597.50731pt x 845.04608pt.
File: ../cpp/cpp-typst.pdf Graphic file (type pdf)
<use ../cpp/cpp-typst.pdf, page 33>
Package pdftex.def Info: ../cpp/cpp-typst.pdf , page33 used on input line 1746.

(pdftex.def)             Requested size: 597.50731pt x 845.04608pt.
File: ../cpp/cpp-typst.pdf Graphic file (type pdf)
<use ../cpp/cpp-typst.pdf, page 33>
Package pdftex.def Info: ../cpp/cpp-typst.pdf , page33 used on input line 1746.

(pdftex.def)             Requested size: 597.50731pt x 845.04608pt.
[54 <../cpp/cpp-typst.pdf>]

pdfTeX warning: pdflatex (file ../cpp/cpp-typst.pdf): PDF inclusion: found PDF 
version <1.7>, but at most version <1.5> allowed
<../cpp/cpp-typst.pdf, id=1612, page=34, 597.50877pt x 845.04814pt>
File: ../cpp/cpp-typst.pdf Graphic file (type pdf)
<use ../cpp/cpp-typst.pdf, page 34>
Package pdftex.def Info: ../cpp/cpp-typst.pdf , page34 used on input line 1746.

(pdftex.def)             Requested size: 597.50731pt x 845.04608pt.
File: ../cpp/cpp-typst.pdf Graphic file (type pdf)
<use ../cpp/cpp-typst.pdf, page 34>
Package pdftex.def Info: ../cpp/cpp-typst.pdf , page34 used on input line 1746.

(pdftex.def)             Requested size: 597.50731pt x 845.04608pt.
File: ../cpp/cpp-typst.pdf Graphic file (type pdf)
<use ../cpp/cpp-typst.pdf, page 34>
Package pdftex.def Info: ../cpp/cpp-typst.pdf , page34 used on input line 1746.

(pdftex.def)             Requested size: 597.50731pt x 845.04608pt.
[55 <../cpp/cpp-typst.pdf>] (./cpp.aux)
Package rerunfilecheck Info: File `cpp.out' has not changed.
(rerunfilecheck)             Checksum: D41D8CD98F00B204E9800998ECF8427E;0.
 ) 
Here is how much of TeX's memory you used:
 22834 strings out of 476025
 408362 string characters out of 5796533
 2557388 words of memory out of 5000000
 41755 multiletter control sequences out of 15000+600000
 522013 words of font info for 57 fonts, out of 8000000 for 9000
 1141 hyphenation exceptions out of 8191
 108i,20n,106p,10633b,2185s stack positions out of 10000i,1000n,20000p,200000b,200000s
</usr/share/texmf-dist/fonts/type1/public/cm-super/sfsi0800.pfb></usr/share/t
exmf-dist/fonts/type1/public/cm-super/sfso0800.pfb></usr/share/texmf-dist/fonts
/type1/public/cm-super/sfss0800.pfb></usr/share/texmf-dist/fonts/type1/public/c
m-super/sfsx0800.pfb></usr/share/texmf-dist/fonts/type1/public/cm-super/sftt080
0.pfb>
Output written on cpp.pdf (55 pages, 1810205 bytes).
PDF statistics:
 1922 PDF objects out of 2073 (max. 8388607)
 1739 compressed objects within 18 object streams
 1209 named destinations out of 1440 (max. 500000)
 383 words of extra memory for PDF output out of 10000 (max. 10000000)

